[0.000000] (-) TimerEvent: {}
[0.000367] (ardupilot_gazebo) JobQueued: {'identifier': 'ardupilot_gazebo', 'dependencies': OrderedDict()}
[0.000861] (ardupilot_gazebo) JobStarted: {'identifier': 'ardupilot_gazebo'}
[0.008211] (ardupilot_gazebo) JobProgress: {'identifier': 'ardupilot_gazebo', 'progress': 'cmake'}
[0.008575] (ardupilot_gazebo) Command: {'cmd': ['/usr/bin/cmake', '/home/rio/ardupilot/gz_ws/src/ardupilot_gazebo', '-DAMENT_CMAKE_SYMLINK_INSTALL=1', '-DCMAKE_INSTALL_PREFIX=/home/rio/ardupilot/gz_ws/install/ardupilot_gazebo'], 'cwd': '/home/rio/ardupilot/gz_ws/build/ardupilot_gazebo', 'env': OrderedDict({'GZ_SIM_RESOURCE_PATH': '/opt/ros/jazzy/share', 'GZ_CONFIG_PATH': '/opt/ros/jazzy/opt/gz_sim_vendor/share/gz:/opt/ros/jazzy/opt/sdformat_vendor/share/gz:/opt/ros/jazzy/opt/gz_gui_vendor/share/gz:/opt/ros/jazzy/opt/gz_transport_vendor/share/gz:/opt/ros/jazzy/opt/gz_rendering_vendor/share/gz:/opt/ros/jazzy/opt/gz_plugin_vendor/share/gz:/opt/ros/jazzy/opt/gz_fuel_tools_vendor/share/gz:/opt/ros/jazzy/opt/gz_msgs_vendor/share/gz:/opt/ros/jazzy/opt/gz_common_vendor/share/gz', 'SHLVL': '1', 'LD_LIBRARY_PATH': '/opt/ros/jazzy/opt/gz_sim_vendor/lib:/opt/ros/jazzy/opt/gz_sensors_vendor/lib:/opt/ros/jazzy/opt/gz_physics_vendor/lib:/opt/ros/jazzy/opt/sdformat_vendor/lib:/opt/ros/jazzy/opt/rviz_ogre_vendor/lib:/opt/ros/jazzy/lib/aarch64-linux-gnu:/opt/ros/jazzy/opt/gz_gui_vendor/lib:/opt/ros/jazzy/opt/gz_transport_vendor/lib:/opt/ros/jazzy/opt/gz_rendering_vendor/lib:/opt/ros/jazzy/opt/gz_plugin_vendor/lib:/opt/ros/jazzy/opt/gz_fuel_tools_vendor/lib:/opt/ros/jazzy/opt/gz_msgs_vendor/lib:/opt/ros/jazzy/opt/gz_common_vendor/lib:/opt/ros/jazzy/opt/gz_math_vendor/lib:/opt/ros/jazzy/opt/gz_utils_vendor/lib:/opt/ros/jazzy/opt/gz_tools_vendor/lib:/opt/ros/jazzy/opt/gz_ogre_next_vendor/lib:/opt/ros/jazzy/opt/gz_dartsim_vendor/lib:/opt/ros/jazzy/opt/gz_cmake_vendor/lib:/opt/ros/jazzy/lib', 'HOME': '/home/rio', 'OLDPWD': '/home/rio/ardupilot/gz_ws', 'ROS_PYTHON_VERSION': '3', 'PS1': '\\u@\\h:\\w\\$', 'LC_CTYPE': 'C.UTF-8', 'ROS_DISTRO': 'jazzy', '_': '/usr/bin/colcon', 'ROS_VERSION': '2', 'TERM': 'xterm-256color', 'PATH': '/opt/ros/jazzy/opt/gz_msgs_vendor/bin:/opt/ros/jazzy/opt/gz_tools_vendor/bin:/opt/ros/jazzy/opt/gz_ogre_next_vendor/bin:/opt/ros/jazzy/bin:/usr/local/sbin:/usr/local/bin:/usr/sbin:/usr/bin:/sbin:/bin', 'AMENT_PREFIX_PATH': '/opt/ros/jazzy', 'GZ_VERSION': 'harmonic', 'ROS_AUTOMATIC_DISCOVERY_RANGE': 'SUBNET', 'PWD': '/home/rio/ardupilot/gz_ws/build/ardupilot_gazebo', 'PYTHONPATH': '/opt/ros/jazzy/lib/python3.12/site-packages', 'COLCON': '1', 'CMAKE_PREFIX_PATH': '/opt/ros/jazzy/opt/gz_sim_vendor:/opt/ros/jazzy/opt/gz_sensors_vendor:/opt/ros/jazzy/opt/gz_physics_vendor:/opt/ros/jazzy/opt/sdformat_vendor:/opt/ros/jazzy/opt/gz_gui_vendor:/opt/ros/jazzy/opt/gz_transport_vendor:/opt/ros/jazzy/opt/gz_rendering_vendor:/opt/ros/jazzy/opt/gz_plugin_vendor:/opt/ros/jazzy/opt/gz_fuel_tools_vendor:/opt/ros/jazzy/opt/gz_msgs_vendor:/opt/ros/jazzy/opt/gz_common_vendor:/opt/ros/jazzy/opt/gz_math_vendor:/opt/ros/jazzy/opt/gz_utils_vendor:/opt/ros/jazzy/opt/gz_tools_vendor:/opt/ros/jazzy/opt/gz_ogre_next_vendor:/opt/ros/jazzy/opt/gz_dartsim_vendor:/opt/ros/jazzy/opt/gz_cmake_vendor:/opt/ros/jazzy'}), 'shell': False}
[0.099625] (-) TimerEvent: {}
[0.116281] (ardupilot_gazebo) StdoutLine: {'line': b'-- The C compiler identification is GNU 13.3.0\n'}
[0.199687] (-) TimerEvent: {}
[0.205369] (ardupilot_gazebo) StdoutLine: {'line': b'-- The CXX compiler identification is GNU 13.3.0\n'}
[0.232748] (ardupilot_gazebo) StdoutLine: {'line': b'-- Detecting C compiler ABI info\n'}
[0.299816] (-) TimerEvent: {}
[0.361680] (ardupilot_gazebo) StdoutLine: {'line': b'-- Detecting C compiler ABI info - done\n'}
[0.379092] (ardupilot_gazebo) StdoutLine: {'line': b'-- Check for working C compiler: /usr/bin/cc - skipped\n'}
[0.380231] (ardupilot_gazebo) StdoutLine: {'line': b'-- Detecting C compile features\n'}
[0.381618] (ardupilot_gazebo) StdoutLine: {'line': b'-- Detecting C compile features - done\n'}
[0.396145] (ardupilot_gazebo) StdoutLine: {'line': b'-- Detecting CXX compiler ABI info\n'}
[0.399875] (-) TimerEvent: {}
[0.500142] (-) TimerEvent: {}
[0.532322] (ardupilot_gazebo) StdoutLine: {'line': b'-- Detecting CXX compiler ABI info - done\n'}
[0.550928] (ardupilot_gazebo) StdoutLine: {'line': b'-- Check for working CXX compiler: /usr/bin/c++ - skipped\n'}
[0.551541] (ardupilot_gazebo) StdoutLine: {'line': b'-- Detecting CXX compile features\n'}
[0.552500] (ardupilot_gazebo) StdoutLine: {'line': b'-- Detecting CXX compile features - done\n'}
[0.600229] (-) TimerEvent: {}
[0.700527] (-) TimerEvent: {}
[0.741682] (ardupilot_gazebo) StdoutLine: {'line': b'-- Found Python3: /usr/bin/python3 (found version "3.12.3") found components: Interpreter \n'}
[0.800602] (-) TimerEvent: {}
[0.815774] (ardupilot_gazebo) StdoutLine: {'line': b'-- Override CMake install command with custom implementation using symlinks instead of copying resources\n'}
[0.861275] (ardupilot_gazebo) StderrLine: {'line': b'\x1b[0mBuilding ardupilot_gazebo as an `ament_cmake` project.\x1b[0m\n'}
[0.872127] (ardupilot_gazebo) StdoutLine: {'line': b'-- Looking for gz-common5 -- found version 5.8.0\n'}
[0.872557] (ardupilot_gazebo) StdoutLine: {'line': b'-- Searching for dependencies of gz-common5\n'}
[0.874206] (ardupilot_gazebo) StdoutLine: {'line': b'-- Looking for gz-utils2 -- found version 2.2.1\n'}
[0.874403] (ardupilot_gazebo) StdoutLine: {'line': b'-- Searching for dependencies of gz-utils2\n'}
[0.877337] (ardupilot_gazebo) StdoutLine: {'line': b'-- Looking for dlfcn.h - found\n'}
[0.886256] (ardupilot_gazebo) StdoutLine: {'line': b'-- Looking for libdl - found\n'}
[0.887899] (ardupilot_gazebo) StdoutLine: {'line': b'-- Found DL: TRUE  \n'}
[0.895419] (ardupilot_gazebo) StdoutLine: {'line': b"-- Checking for module 'uuid'\n"}
[0.900682] (-) TimerEvent: {}
[0.915048] (ardupilot_gazebo) StdoutLine: {'line': b'--   Found uuid, version 2.39.3\n'}
[0.958780] (ardupilot_gazebo) StdoutLine: {'line': b'-- Found UUID: TRUE  \n'}
[0.960877] (ardupilot_gazebo) StdoutLine: {'line': b'-- Looking for gz-common5 - found\n'}
[0.961007] (ardupilot_gazebo) StdoutLine: {'line': b'\n'}
[0.964304] (ardupilot_gazebo) StdoutLine: {'line': b'-- Looking for gz-rendering8 -- found version 8.2.3\n'}
[0.964516] (ardupilot_gazebo) StdoutLine: {'line': b'-- Searching for dependencies of gz-rendering8\n'}
[0.966393] (ardupilot_gazebo) StdoutLine: {'line': b'-- Looking for gz-math7 -- found version 7.5.2\n'}
[0.966596] (ardupilot_gazebo) StdoutLine: {'line': b'-- Searching for dependencies of gz-math7\n'}
[0.966763] (ardupilot_gazebo) StdoutLine: {'line': b'-- Looking for gz-utils2 -- found version 2.2.1\n'}
[0.967917] (ardupilot_gazebo) StdoutLine: {'line': b'-- Searching for <gz-math7> component [eigen3]\n'}
[0.970008] (ardupilot_gazebo) StdoutLine: {'line': b'-- Looking for gz-math7-eigen3 -- found version 7.5.2\n'}
[0.970403] (ardupilot_gazebo) StdoutLine: {'line': b'-- Searching for dependencies of gz-math7-eigen3\n'}
[0.980272] (ardupilot_gazebo) StdoutLine: {'line': b'-- Looking for gz-common5 -- found version 5.8.0\n'}
[0.980543] (ardupilot_gazebo) StdoutLine: {'line': b'-- Searching for dependencies of gz-common5\n'}
[0.980697] (ardupilot_gazebo) StdoutLine: {'line': b'-- Looking for gz-utils2 -- found version 2.2.1\n'}
[0.980850] (ardupilot_gazebo) StdoutLine: {'line': b'-- Looking for dlfcn.h - found\n'}
[0.980948] (ardupilot_gazebo) StdoutLine: {'line': b'-- Looking for libdl - found\n'}
[0.989946] (ardupilot_gazebo) StdoutLine: {'line': b'-- Searching for <gz-common5> component [graphics]\n'}
[0.992396] (ardupilot_gazebo) StdoutLine: {'line': b'-- Looking for gz-common5-graphics -- found version 5.8.0\n'}
[0.992624] (ardupilot_gazebo) StdoutLine: {'line': b'-- Searching for dependencies of gz-common5-graphics\n'}
[0.993051] (ardupilot_gazebo) StdoutLine: {'line': b'-- Looking for gz-math7 -- found version 7.5.2\n'}
[0.999069] (ardupilot_gazebo) StdoutLine: {'line': b'-- Found GzAssimp: TRUE (found version "5.3.0") \n'}
[0.999699] (ardupilot_gazebo) StdoutLine: {'line': b'-- Searching for <gz-common5> component [events]\n'}
[1.000752] (-) TimerEvent: {}
[1.001330] (ardupilot_gazebo) StdoutLine: {'line': b'-- Looking for gz-common5-events -- found version 5.8.0\n'}
[1.001512] (ardupilot_gazebo) StdoutLine: {'line': b'-- Searching for dependencies of gz-common5-events\n'}
[1.001796] (ardupilot_gazebo) StdoutLine: {'line': b'-- Looking for gz-math7 -- found version 7.5.2\n'}
[1.002460] (ardupilot_gazebo) StdoutLine: {'line': b'-- Searching for <gz-common5> component [geospatial]\n'}
[1.004579] (ardupilot_gazebo) StdoutLine: {'line': b'-- Looking for gz-common5-geospatial -- found version 5.8.0\n'}
[1.004788] (ardupilot_gazebo) StdoutLine: {'line': b'-- Searching for dependencies of gz-common5-geospatial\n'}
[1.004955] (ardupilot_gazebo) StdoutLine: {'line': b'-- Looking for gz-math7 -- found version 7.5.2\n'}
[1.005253] (ardupilot_gazebo) StdoutLine: {'line': b'-- Looking for gz-common5 -- found version 5.8.0\n'}
[1.007314] (ardupilot_gazebo) StdoutLine: {'line': b'-- Looking for gz-plugin2 -- found version 2.0.4\n'}
[1.007495] (ardupilot_gazebo) StdoutLine: {'line': b'-- Searching for dependencies of gz-plugin2\n'}
[1.007871] (ardupilot_gazebo) StdoutLine: {'line': b'-- Looking for gz-utils2 -- found version 2.2.1\n'}
[1.008048] (ardupilot_gazebo) StdoutLine: {'line': b'-- Searching for dependencies of gz-utils2\n'}
[1.008166] (ardupilot_gazebo) StdoutLine: {'line': b'-- Searching for <gz-utils2> component [cli]\n'}
[1.010318] (ardupilot_gazebo) StdoutLine: {'line': b'-- Looking for gz-utils2-cli -- found version 2.2.1\n'}
[1.010506] (ardupilot_gazebo) StdoutLine: {'line': b'-- Searching for dependencies of gz-utils2-cli\n'}
[1.011796] (ardupilot_gazebo) StdoutLine: {'line': b'-- Searching for <gz-plugin2> component [all]\n'}
[1.013429] (ardupilot_gazebo) StdoutLine: {'line': b'-- Looking for all libraries of gz-plugin2 -- found version 2.0.4\n'}
[1.013985] (ardupilot_gazebo) StdoutLine: {'line': b'-- Looking for gz-plugin2 -- found version 2.0.4\n'}
[1.015658] (ardupilot_gazebo) StdoutLine: {'line': b'-- Looking for gz-plugin2-loader -- found version 2.0.4\n'}
[1.015780] (ardupilot_gazebo) StdoutLine: {'line': b'-- Searching for dependencies of gz-plugin2-loader\n'}
[1.017394] (ardupilot_gazebo) StdoutLine: {'line': b'-- Looking for gz-plugin2-register -- found version 2.0.4\n'}
[1.017540] (ardupilot_gazebo) StdoutLine: {'line': b'-- Searching for dependencies of gz-plugin2-register\n'}
[1.018931] (ardupilot_gazebo) StdoutLine: {'line': b'-- Looking for gz-utils2 -- found version 2.2.1\n'}
[1.033072] (ardupilot_gazebo) StdoutLine: {'line': b'-- Found OpenGL: /usr/lib/aarch64-linux-gnu/libOpenGL.so  found components: OpenGL \n'}
[1.034500] (ardupilot_gazebo) StdoutLine: {'line': b'-- Looking for gz-rendering8 - found\n'}
[1.034603] (ardupilot_gazebo) StdoutLine: {'line': b'\n'}
[1.036870] (ardupilot_gazebo) StdoutLine: {'line': b'-- Looking for gz-sim8 -- found version 8.11.0\n'}
[1.037032] (ardupilot_gazebo) StdoutLine: {'line': b'-- Searching for dependencies of gz-sim8\n'}
[1.038418] (ardupilot_gazebo) StdoutLine: {'line': b'-- Looking for sdformat14 -- found version 14.9.0\n'}
[1.038583] (ardupilot_gazebo) StdoutLine: {'line': b'-- Searching for dependencies of sdformat14\n'}
[1.044679] (ardupilot_gazebo) StdoutLine: {'line': b"-- Checking for module 'tinyxml2'\n"}
[1.061356] (ardupilot_gazebo) StdoutLine: {'line': b'--   Found tinyxml2, version 10.0.0\n'}
[1.100849] (-) TimerEvent: {}
[1.108722] (ardupilot_gazebo) StdoutLine: {'line': b'-- Looking for gz-math7 -- found version 7.5.2\n'}
[1.109326] (ardupilot_gazebo) StdoutLine: {'line': b'-- Looking for gz-utils2 -- found version 2.2.1\n'}
[1.111932] (ardupilot_gazebo) StdoutLine: {'line': b'-- Looking for gz-plugin2 -- found version 2.0.4\n'}
[1.114614] (ardupilot_gazebo) StdoutLine: {'line': b'-- Looking for gz-transport13 -- found version 13.5.0\n'}
[1.114857] (ardupilot_gazebo) StdoutLine: {'line': b'-- Searching for dependencies of gz-transport13\n'}
[1.200993] (-) TimerEvent: {}
[1.285947] (ardupilot_gazebo) StdoutLine: {'line': b'-- Found Protobuf: /usr/lib/aarch64-linux-gnu/libprotobuf.so (found version "3.21.12") \n'}
[1.301097] (-) TimerEvent: {}
[1.311495] (ardupilot_gazebo) StdoutLine: {'line': b'-- Config-file not installed for ZeroMQ -- checking for pkg-config\n'}
[1.321443] (ardupilot_gazebo) StdoutLine: {'line': b"-- Checking for module 'libzmq >= 4'\n"}
[1.346110] (ardupilot_gazebo) StdoutLine: {'line': b'--   Found libzmq, version 4.3.5\n'}
[1.401218] (-) TimerEvent: {}
[1.407886] (ardupilot_gazebo) StdoutLine: {'line': b'-- Found ZeroMQ: TRUE (Required is at least version "4") \n'}
[1.422677] (ardupilot_gazebo) StdoutLine: {'line': b'-- Looking for gz-utils2 -- found version 2.2.1\n'}
[1.426368] (ardupilot_gazebo) StdoutLine: {'line': b'-- Looking for gz-msgs10 -- found version 10.3.2\n'}
[1.426632] (ardupilot_gazebo) StdoutLine: {'line': b'-- Searching for dependencies of gz-msgs10\n'}
[1.462886] (ardupilot_gazebo) StdoutLine: {'line': b'-- Looking for gz-utils2 -- found version 2.2.1\n'}
[1.463558] (ardupilot_gazebo) StdoutLine: {'line': b'-- Looking for gz-math7 -- found version 7.5.2\n'}
[1.478375] (ardupilot_gazebo) StdoutLine: {'line': b'-- Searching for <gz-transport13> component [log]\n'}
[1.479689] (ardupilot_gazebo) StdoutLine: {'line': b'-- Looking for gz-transport13-log -- found version 13.5.0\n'}
[1.479860] (ardupilot_gazebo) StdoutLine: {'line': b'-- Searching for dependencies of gz-transport13-log\n'}
[1.480500] (ardupilot_gazebo) StdoutLine: {'line': b'-- Searching for <gz-transport13> component [parameters]\n'}
[1.481789] (ardupilot_gazebo) StdoutLine: {'line': b'-- Looking for gz-transport13-parameters -- found version 13.5.0\n'}
[1.481990] (ardupilot_gazebo) StdoutLine: {'line': b'-- Searching for dependencies of gz-transport13-parameters\n'}
[1.483246] (ardupilot_gazebo) StdoutLine: {'line': b'-- Looking for gz-msgs10 -- found version 10.3.2\n'}
[1.483704] (ardupilot_gazebo) StdoutLine: {'line': b'-- Looking for gz-common5 -- found version 5.8.0\n'}
[1.483898] (ardupilot_gazebo) StdoutLine: {'line': b'-- Searching for dependencies of gz-common5\n'}
[1.484277] (ardupilot_gazebo) StdoutLine: {'line': b'-- Looking for gz-utils2 -- found version 2.2.1\n'}
[1.484475] (ardupilot_gazebo) StdoutLine: {'line': b'-- Looking for dlfcn.h - found\n'}
[1.484571] (ardupilot_gazebo) StdoutLine: {'line': b'-- Looking for libdl - found\n'}
[1.494161] (ardupilot_gazebo) StdoutLine: {'line': b'-- Searching for <gz-common5> component [av]\n'}
[1.497176] (ardupilot_gazebo) StdoutLine: {'line': b'-- Looking for gz-common5-av -- found version 5.8.0\n'}
[1.497465] (ardupilot_gazebo) StdoutLine: {'line': b'-- Searching for dependencies of gz-common5-av\n'}
[1.501278] (-) TimerEvent: {}
[1.506212] (ardupilot_gazebo) StdoutLine: {'line': b"-- Checking for module 'libswscale'\n"}
[1.529422] (ardupilot_gazebo) StdoutLine: {'line': b'--   Found libswscale, version 7.5.100\n'}
[1.582410] (ardupilot_gazebo) StdoutLine: {'line': b'-- Found SWSCALE: TRUE  \n'}
[1.592984] (ardupilot_gazebo) StdoutLine: {'line': b"-- Checking for module 'libavdevice >= 56.4.100'\n"}
[1.601366] (-) TimerEvent: {}
[1.616650] (ardupilot_gazebo) StdoutLine: {'line': b'--   Found libavdevice, version 60.3.100\n'}
[1.676421] (ardupilot_gazebo) StdoutLine: {'line': b'-- Found AVDEVICE: TRUE (Required is at least version "56.4.100") \n'}
[1.685773] (ardupilot_gazebo) StdoutLine: {'line': b"-- Checking for module 'libavformat'\n"}
[1.701510] (-) TimerEvent: {}
[1.707439] (ardupilot_gazebo) StdoutLine: {'line': b'--   Found libavformat, version 60.16.100\n'}
[1.758263] (ardupilot_gazebo) StdoutLine: {'line': b'-- Found AVFORMAT: TRUE  \n'}
[1.766142] (ardupilot_gazebo) StdoutLine: {'line': b"-- Checking for module 'libavcodec'\n"}
[1.787232] (ardupilot_gazebo) StdoutLine: {'line': b'--   Found libavcodec, version 60.31.102\n'}
[1.801727] (-) TimerEvent: {}
[1.842184] (ardupilot_gazebo) StdoutLine: {'line': b'-- Found AVCODEC: TRUE  \n'}
[1.852162] (ardupilot_gazebo) StdoutLine: {'line': b"-- Checking for module 'libavutil'\n"}
[1.876411] (ardupilot_gazebo) StdoutLine: {'line': b'--   Found libavutil, version 58.29.100\n'}
[1.901813] (-) TimerEvent: {}
[1.926154] (ardupilot_gazebo) StdoutLine: {'line': b'-- Found AVUTIL: TRUE  \n'}
[1.929652] (ardupilot_gazebo) StdoutLine: {'line': b'-- Searching for <gz-common5> component [events]\n'}
[1.929718] (ardupilot_gazebo) StdoutLine: {'line': b'-- Searching for <gz-common5> component [graphics]\n'}
[1.929757] (ardupilot_gazebo) StdoutLine: {'line': b'-- Searching for <gz-common5> component [io]\n'}
[1.932475] (ardupilot_gazebo) StdoutLine: {'line': b'-- Looking for gz-common5-io -- found version 5.8.0\n'}
[1.932575] (ardupilot_gazebo) StdoutLine: {'line': b'-- Searching for dependencies of gz-common5-io\n'}
[1.935467] (ardupilot_gazebo) StdoutLine: {'line': b'-- Searching for <gz-common5> component [profiler]\n'}
[1.937551] (ardupilot_gazebo) StdoutLine: {'line': b'-- Looking for gz-common5-profiler -- found version 5.8.0\n'}
[1.937713] (ardupilot_gazebo) StdoutLine: {'line': b'-- Searching for dependencies of gz-common5-profiler\n'}
[1.942386] (ardupilot_gazebo) StdoutLine: {'line': b'-- Looking for gz-fuel_tools9 -- found version 9.1.1\n'}
[1.942533] (ardupilot_gazebo) StdoutLine: {'line': b'-- Searching for dependencies of gz-fuel_tools9\n'}
[2.001909] (-) TimerEvent: {}
[2.073974] (ardupilot_gazebo) StdoutLine: {'line': b'-- Found CURL: /usr/lib/aarch64-linux-gnu/libcurl.so (found version "8.5.0")  \n'}
[2.089385] (ardupilot_gazebo) StdoutLine: {'line': b"-- Checking for module 'jsoncpp'\n"}
[2.101970] (-) TimerEvent: {}
[2.112744] (ardupilot_gazebo) StdoutLine: {'line': b'--   Found jsoncpp, version 1.9.5\n'}
[2.164250] (ardupilot_gazebo) StdoutLine: {'line': b'-- Found JSONCPP: TRUE  \n'}
[2.198509] (ardupilot_gazebo) StdoutLine: {'line': b"-- Checking for module 'yaml-0.1'\n"}
[2.202052] (-) TimerEvent: {}
[2.221558] (ardupilot_gazebo) StdoutLine: {'line': b'--   Found yaml-0.1, version 0.2.5\n'}
[2.272076] (ardupilot_gazebo) StdoutLine: {'line': b'-- Found YAML: TRUE  \n'}
[2.284408] (ardupilot_gazebo) StdoutLine: {'line': b"-- Checking for module 'libzip'\n"}
[2.302133] (-) TimerEvent: {}
[2.306901] (ardupilot_gazebo) StdoutLine: {'line': b'--   Found libzip, version 1.7.3\n'}
[2.361030] (ardupilot_gazebo) StdoutLine: {'line': b'-- Found ZIP: TRUE  \n'}
[2.361322] (ardupilot_gazebo) StdoutLine: {'line': b'-- Looking for gz-utils2 -- found version 2.2.1\n'}
[2.361431] (ardupilot_gazebo) StdoutLine: {'line': b'-- Looking for gz-common5 -- found version 5.8.0\n'}
[2.361573] (ardupilot_gazebo) StdoutLine: {'line': b'-- Searching for dependencies of gz-common5\n'}
[2.361671] (ardupilot_gazebo) StdoutLine: {'line': b'-- Looking for gz-utils2 -- found version 2.2.1\n'}
[2.361826] (ardupilot_gazebo) StdoutLine: {'line': b'-- Looking for dlfcn.h - found\n'}
[2.361927] (ardupilot_gazebo) StdoutLine: {'line': b'-- Looking for libdl - found\n'}
[2.377590] (ardupilot_gazebo) StdoutLine: {'line': b'-- Searching for <gz-common5> component [testing]\n'}
[2.380105] (ardupilot_gazebo) StdoutLine: {'line': b'-- Looking for gz-common5-testing -- found version 5.8.0\n'}
[2.380481] (ardupilot_gazebo) StdoutLine: {'line': b'-- Searching for dependencies of gz-common5-testing\n'}
[2.382588] (ardupilot_gazebo) StdoutLine: {'line': b'-- Looking for gz-math7 -- found version 7.5.2\n'}
[2.383312] (ardupilot_gazebo) StdoutLine: {'line': b'-- Looking for gz-msgs10 -- found version 10.3.2\n'}
[2.387224] (ardupilot_gazebo) StdoutLine: {'line': b'-- Looking for gz-gui8 -- found version 8.4.0\n'}
[2.387442] (ardupilot_gazebo) StdoutLine: {'line': b'-- Searching for dependencies of gz-gui8\n'}
[2.402230] (-) TimerEvent: {}
[2.432356] (ardupilot_gazebo) StdoutLine: {'line': b'-- Looking for gz-utils2 -- found version 2.2.1\n'}
[2.433042] (ardupilot_gazebo) StdoutLine: {'line': b'-- Looking for gz-math7 -- found version 7.5.2\n'}
[2.433698] (ardupilot_gazebo) StdoutLine: {'line': b'-- Looking for gz-common5 -- found version 5.8.0\n'}
[2.434344] (ardupilot_gazebo) StdoutLine: {'line': b'-- Looking for gz-plugin2 -- found version 2.0.4\n'}
[2.435038] (ardupilot_gazebo) StdoutLine: {'line': b'-- Looking for gz-transport13 -- found version 13.5.0\n'}
[2.435655] (ardupilot_gazebo) StdoutLine: {'line': b'-- Looking for gz-rendering8 -- found version 8.2.3\n'}
[2.436269] (ardupilot_gazebo) StdoutLine: {'line': b'-- Looking for gz-msgs10 -- found version 10.3.2\n'}
[2.468532] (ardupilot_gazebo) StdoutLine: {'line': b'-- Looking for gz-physics7 -- found version 7.6.0\n'}
[2.468741] (ardupilot_gazebo) StdoutLine: {'line': b'-- Searching for dependencies of gz-physics7\n'}
[2.469104] (ardupilot_gazebo) StdoutLine: {'line': b'-- Looking for gz-common5 -- found version 5.8.0\n'}
[2.469584] (ardupilot_gazebo) StdoutLine: {'line': b'-- Looking for gz-math7 -- found version 7.5.2\n'}
[2.469872] (ardupilot_gazebo) StdoutLine: {'line': b'-- Looking for gz-plugin2 -- found version 2.0.4\n'}
[2.470269] (ardupilot_gazebo) StdoutLine: {'line': b'-- Looking for gz-utils2 -- found version 2.2.1\n'}
[2.471507] (ardupilot_gazebo) StdoutLine: {'line': b'-- Searching for <gz-physics7> component [heightmap]\n'}
[2.472620] (ardupilot_gazebo) StdoutLine: {'line': b'-- Looking for gz-physics7-heightmap -- found version 7.6.0\n'}
[2.472832] (ardupilot_gazebo) StdoutLine: {'line': b'-- Searching for dependencies of gz-physics7-heightmap\n'}
[2.473224] (ardupilot_gazebo) StdoutLine: {'line': b'-- Looking for gz-common5 -- found version 5.8.0\n'}
[2.473806] (ardupilot_gazebo) StdoutLine: {'line': b'-- Searching for <gz-physics7> component [mesh]\n'}
[2.475150] (ardupilot_gazebo) StdoutLine: {'line': b'-- Looking for gz-physics7-mesh -- found version 7.6.0\n'}
[2.475285] (ardupilot_gazebo) StdoutLine: {'line': b'-- Searching for dependencies of gz-physics7-mesh\n'}
[2.475547] (ardupilot_gazebo) StdoutLine: {'line': b'-- Looking for gz-common5 -- found version 5.8.0\n'}
[2.475950] (ardupilot_gazebo) StdoutLine: {'line': b'-- Searching for <gz-physics7> component [sdf]\n'}
[2.476904] (ardupilot_gazebo) StdoutLine: {'line': b'-- Looking for gz-physics7-sdf -- found version 7.6.0\n'}
[2.477092] (ardupilot_gazebo) StdoutLine: {'line': b'-- Searching for dependencies of gz-physics7-sdf\n'}
[2.477489] (ardupilot_gazebo) StdoutLine: {'line': b'-- Looking for sdformat14 -- found version 14.9.0\n'}
[2.479440] (ardupilot_gazebo) StdoutLine: {'line': b'-- Looking for gz-sensors8 -- found version 8.2.2\n'}
[2.479568] (ardupilot_gazebo) StdoutLine: {'line': b'-- Searching for dependencies of gz-sensors8\n'}
[2.502336] (-) TimerEvent: {}
[2.505091] (ardupilot_gazebo) StdoutLine: {'line': b'-- Looking for gz-math7 -- found version 7.5.2\n'}
[2.505495] (ardupilot_gazebo) StdoutLine: {'line': b'-- Looking for gz-common5 -- found version 5.8.0\n'}
[2.505905] (ardupilot_gazebo) StdoutLine: {'line': b'-- Looking for gz-transport13 -- found version 13.5.0\n'}
[2.506306] (ardupilot_gazebo) StdoutLine: {'line': b'-- Looking for gz-rendering8 -- found version 8.2.3\n'}
[2.506693] (ardupilot_gazebo) StdoutLine: {'line': b'-- Looking for gz-msgs10 -- found version 10.3.2\n'}
[2.507071] (ardupilot_gazebo) StdoutLine: {'line': b'-- Looking for sdformat14 -- found version 14.9.0\n'}
[2.508079] (ardupilot_gazebo) StdoutLine: {'line': b'-- Searching for <gz-sensors8> component [air_pressure]\n'}
[2.509638] (ardupilot_gazebo) StdoutLine: {'line': b'-- Looking for gz-sensors8-air_pressure -- found version 8.2.2\n'}
[2.509984] (ardupilot_gazebo) StdoutLine: {'line': b'-- Searching for dependencies of gz-sensors8-air_pressure\n'}
[2.510491] (ardupilot_gazebo) StdoutLine: {'line': b'-- Searching for <gz-sensors8> component [air_speed]\n'}
[2.511792] (ardupilot_gazebo) StdoutLine: {'line': b'-- Looking for gz-sensors8-air_speed -- found version 8.2.2\n'}
[2.512002] (ardupilot_gazebo) StdoutLine: {'line': b'-- Searching for dependencies of gz-sensors8-air_speed\n'}
[2.512724] (ardupilot_gazebo) StdoutLine: {'line': b'-- Searching for <gz-sensors8> component [altimeter]\n'}
[2.513983] (ardupilot_gazebo) StdoutLine: {'line': b'-- Looking for gz-sensors8-altimeter -- found version 8.2.2\n'}
[2.514122] (ardupilot_gazebo) StdoutLine: {'line': b'-- Searching for dependencies of gz-sensors8-altimeter\n'}
[2.514658] (ardupilot_gazebo) StdoutLine: {'line': b'-- Searching for <gz-sensors8> component [imu]\n'}
[2.515618] (ardupilot_gazebo) StdoutLine: {'line': b'-- Looking for gz-sensors8-imu -- found version 8.2.2\n'}
[2.515755] (ardupilot_gazebo) StdoutLine: {'line': b'-- Searching for dependencies of gz-sensors8-imu\n'}
[2.516533] (ardupilot_gazebo) StdoutLine: {'line': b'-- Searching for <gz-sensors8> component [force_torque]\n'}
[2.517646] (ardupilot_gazebo) StdoutLine: {'line': b'-- Looking for gz-sensors8-force_torque -- found version 8.2.2\n'}
[2.517836] (ardupilot_gazebo) StdoutLine: {'line': b'-- Searching for dependencies of gz-sensors8-force_torque\n'}
[2.518462] (ardupilot_gazebo) StdoutLine: {'line': b'-- Searching for <gz-sensors8> component [logical_camera]\n'}
[2.519407] (ardupilot_gazebo) StdoutLine: {'line': b'-- Looking for gz-sensors8-logical_camera -- found version 8.2.2\n'}
[2.519541] (ardupilot_gazebo) StdoutLine: {'line': b'-- Searching for dependencies of gz-sensors8-logical_camera\n'}
[2.520110] (ardupilot_gazebo) StdoutLine: {'line': b'-- Searching for <gz-sensors8> component [magnetometer]\n'}
[2.521021] (ardupilot_gazebo) StdoutLine: {'line': b'-- Looking for gz-sensors8-magnetometer -- found version 8.2.2\n'}
[2.521152] (ardupilot_gazebo) StdoutLine: {'line': b'-- Searching for dependencies of gz-sensors8-magnetometer\n'}
[2.521721] (ardupilot_gazebo) StdoutLine: {'line': b'-- Searching for <gz-sensors8> component [navsat]\n'}
[2.522878] (ardupilot_gazebo) StdoutLine: {'line': b'-- Looking for gz-sensors8-navsat -- found version 8.2.2\n'}
[2.523059] (ardupilot_gazebo) StdoutLine: {'line': b'-- Searching for dependencies of gz-sensors8-navsat\n'}
[2.523753] (ardupilot_gazebo) StdoutLine: {'line': b'-- Searching for <gz-sensors8> component [dvl]\n'}
[2.524808] (ardupilot_gazebo) StdoutLine: {'line': b'-- Looking for gz-sensors8-dvl -- found version 8.2.2\n'}
[2.524943] (ardupilot_gazebo) StdoutLine: {'line': b'-- Searching for dependencies of gz-sensors8-dvl\n'}
[2.525234] (ardupilot_gazebo) StdoutLine: {'line': b'-- Looking for gz-sensors8 -- found version 8.2.2\n'}
[2.525355] (ardupilot_gazebo) StdoutLine: {'line': b'-- Searching for dependencies of gz-sensors8\n'}
[2.548526] (ardupilot_gazebo) StdoutLine: {'line': b'-- Looking for gz-math7 -- found version 7.5.2\n'}
[2.548850] (ardupilot_gazebo) StdoutLine: {'line': b'-- Looking for gz-common5 -- found version 5.8.0\n'}
[2.549234] (ardupilot_gazebo) StdoutLine: {'line': b'-- Looking for gz-transport13 -- found version 13.5.0\n'}
[2.549626] (ardupilot_gazebo) StdoutLine: {'line': b'-- Looking for gz-rendering8 -- found version 8.2.3\n'}
[2.549986] (ardupilot_gazebo) StdoutLine: {'line': b'-- Looking for gz-msgs10 -- found version 10.3.2\n'}
[2.550344] (ardupilot_gazebo) StdoutLine: {'line': b'-- Looking for sdformat14 -- found version 14.9.0\n'}
[2.550563] (ardupilot_gazebo) StdoutLine: {'line': b'-- Searching for <gz-sensors8> component [rendering]\n'}
[2.551821] (ardupilot_gazebo) StdoutLine: {'line': b'-- Looking for gz-sensors8-rendering -- found version 8.2.2\n'}
[2.552040] (ardupilot_gazebo) StdoutLine: {'line': b'-- Searching for dependencies of gz-sensors8-rendering\n'}
[2.553586] (ardupilot_gazebo) StdoutLine: {'line': b'-- Searching for <gz-sensors8> component [rendering]\n'}
[2.553711] (ardupilot_gazebo) StdoutLine: {'line': b'-- Searching for <gz-sensors8> component [lidar]\n'}
[2.554948] (ardupilot_gazebo) StdoutLine: {'line': b'-- Looking for gz-sensors8-lidar -- found version 8.2.2\n'}
[2.555129] (ardupilot_gazebo) StdoutLine: {'line': b'-- Searching for dependencies of gz-sensors8-lidar\n'}
[2.555529] (ardupilot_gazebo) StdoutLine: {'line': b'-- Looking for gz-sensors8 -- found version 8.2.2\n'}
[2.556233] (ardupilot_gazebo) StdoutLine: {'line': b'-- Searching for <gz-sensors8> component [gpu_lidar]\n'}
[2.557365] (ardupilot_gazebo) StdoutLine: {'line': b'-- Looking for gz-sensors8-gpu_lidar -- found version 8.2.2\n'}
[2.557551] (ardupilot_gazebo) StdoutLine: {'line': b'-- Searching for dependencies of gz-sensors8-gpu_lidar\n'}
[2.557909] (ardupilot_gazebo) StdoutLine: {'line': b'-- Looking for gz-sensors8 -- found version 8.2.2\n'}
[2.558584] (ardupilot_gazebo) StdoutLine: {'line': b'-- Searching for <gz-sensors8> component [camera]\n'}
[2.559732] (ardupilot_gazebo) StdoutLine: {'line': b'-- Looking for gz-sensors8-camera -- found version 8.2.2\n'}
[2.559901] (ardupilot_gazebo) StdoutLine: {'line': b'-- Searching for dependencies of gz-sensors8-camera\n'}
[2.560252] (ardupilot_gazebo) StdoutLine: {'line': b'-- Looking for gz-sensors8 -- found version 8.2.2\n'}
[2.560891] (ardupilot_gazebo) StdoutLine: {'line': b'-- Searching for <gz-sensors8> component [boundingbox_camera]\n'}
[2.561932] (ardupilot_gazebo) StdoutLine: {'line': b'-- Looking for gz-sensors8-boundingbox_camera -- found version 8.2.2\n'}
[2.562105] (ardupilot_gazebo) StdoutLine: {'line': b'-- Searching for dependencies of gz-sensors8-boundingbox_camera\n'}
[2.562752] (ardupilot_gazebo) StdoutLine: {'line': b'-- Searching for <gz-sensors8> component [segmentation_camera]\n'}
[2.563790] (ardupilot_gazebo) StdoutLine: {'line': b'-- Looking for gz-sensors8-segmentation_camera -- found version 8.2.2\n'}
[2.563917] (ardupilot_gazebo) StdoutLine: {'line': b'-- Searching for dependencies of gz-sensors8-segmentation_camera\n'}
[2.564471] (ardupilot_gazebo) StdoutLine: {'line': b'-- Searching for <gz-sensors8> component [depth_camera]\n'}
[2.565441] (ardupilot_gazebo) StdoutLine: {'line': b'-- Looking for gz-sensors8-depth_camera -- found version 8.2.2\n'}
[2.565636] (ardupilot_gazebo) StdoutLine: {'line': b'-- Searching for dependencies of gz-sensors8-depth_camera\n'}
[2.566007] (ardupilot_gazebo) StdoutLine: {'line': b'-- Looking for gz-sensors8 -- found version 8.2.2\n'}
[2.566793] (ardupilot_gazebo) StdoutLine: {'line': b'-- Searching for <gz-sensors8> component [rgbd_camera]\n'}
[2.567888] (ardupilot_gazebo) StdoutLine: {'line': b'-- Looking for gz-sensors8-rgbd_camera -- found version 8.2.2\n'}
[2.568041] (ardupilot_gazebo) StdoutLine: {'line': b'-- Searching for dependencies of gz-sensors8-rgbd_camera\n'}
[2.568332] (ardupilot_gazebo) StdoutLine: {'line': b'-- Looking for gz-sensors8 -- found version 8.2.2\n'}
[2.569027] (ardupilot_gazebo) StdoutLine: {'line': b'-- Searching for <gz-sensors8> component [thermal_camera]\n'}
[2.569999] (ardupilot_gazebo) StdoutLine: {'line': b'-- Looking for gz-sensors8-thermal_camera -- found version 8.2.2\n'}
[2.570156] (ardupilot_gazebo) StdoutLine: {'line': b'-- Searching for dependencies of gz-sensors8-thermal_camera\n'}
[2.570490] (ardupilot_gazebo) StdoutLine: {'line': b'-- Looking for gz-sensors8 -- found version 8.2.2\n'}
[2.571254] (ardupilot_gazebo) StdoutLine: {'line': b'-- Searching for <gz-sensors8> component [wide_angle_camera]\n'}
[2.572480] (ardupilot_gazebo) StdoutLine: {'line': b'-- Looking for gz-sensors8-wide_angle_camera -- found version 8.2.2\n'}
[2.572888] (ardupilot_gazebo) StdoutLine: {'line': b'-- Searching for dependencies of gz-sensors8-wide_angle_camera\n'}
[2.573637] (ardupilot_gazebo) StdoutLine: {'line': b'-- Looking for gz-rendering8 -- found version 8.2.3\n'}
[2.573936] (ardupilot_gazebo) StdoutLine: {'line': b'-- Looking for gz-math7 -- found version 7.5.2\n'}
[2.574281] (ardupilot_gazebo) StdoutLine: {'line': b'-- Looking for gz-utils2 -- found version 2.2.1\n'}
[2.598208] (ardupilot_gazebo) StdoutLine: {'line': b'-- Looking for gz-sim8 - found\n'}
[2.598387] (ardupilot_gazebo) StdoutLine: {'line': b'\n'}
[2.598527] (ardupilot_gazebo) StdoutLine: {'line': b'-- Compiling against Gazebo Harmonic\n'}
[2.601754] (ardupilot_gazebo) StdoutLine: {'line': b'-- RapidJSON found. Headers: /usr/include\n'}
[2.602414] (-) TimerEvent: {}
[2.612367] (ardupilot_gazebo) StdoutLine: {'line': b'-- Found OpenCV: /usr (found version "4.6.0") \n'}
[2.612824] (ardupilot_gazebo) StdoutLine: {'line': b"-- Checking for modules 'gstreamer-1.0;gstreamer-app-1.0'\n"}
[2.644385] (ardupilot_gazebo) StdoutLine: {'line': b'--   Found gstreamer-1.0, version 1.24.2\n'}
[2.662598] (ardupilot_gazebo) StdoutLine: {'line': b'--   Found gstreamer-app-1.0, version 1.24.2\n'}
[2.702562] (-) TimerEvent: {}
[2.802895] (-) TimerEvent: {}
[2.846220] (ardupilot_gazebo) StdoutLine: {'line': b'-- Configuring done (2.8s)\n'}
[2.901121] (ardupilot_gazebo) StdoutLine: {'line': b'-- Generating done (0.0s)\n'}
[2.902982] (-) TimerEvent: {}
[2.909832] (ardupilot_gazebo) StdoutLine: {'line': b'-- Build files have been written to: /home/rio/ardupilot/gz_ws/build/ardupilot_gazebo\n'}
[2.935687] (ardupilot_gazebo) CommandEnded: {'returncode': 0}
[2.937587] (ardupilot_gazebo) JobProgress: {'identifier': 'ardupilot_gazebo', 'progress': 'build'}
[2.937642] (ardupilot_gazebo) Command: {'cmd': ['/usr/bin/cmake', '--build', '/home/rio/ardupilot/gz_ws/build/ardupilot_gazebo', '--', '-j14', '-l14'], 'cwd': '/home/rio/ardupilot/gz_ws/build/ardupilot_gazebo', 'env': OrderedDict({'GZ_SIM_RESOURCE_PATH': '/opt/ros/jazzy/share', 'GZ_CONFIG_PATH': '/opt/ros/jazzy/opt/gz_sim_vendor/share/gz:/opt/ros/jazzy/opt/sdformat_vendor/share/gz:/opt/ros/jazzy/opt/gz_gui_vendor/share/gz:/opt/ros/jazzy/opt/gz_transport_vendor/share/gz:/opt/ros/jazzy/opt/gz_rendering_vendor/share/gz:/opt/ros/jazzy/opt/gz_plugin_vendor/share/gz:/opt/ros/jazzy/opt/gz_fuel_tools_vendor/share/gz:/opt/ros/jazzy/opt/gz_msgs_vendor/share/gz:/opt/ros/jazzy/opt/gz_common_vendor/share/gz', 'SHLVL': '1', 'LD_LIBRARY_PATH': '/opt/ros/jazzy/opt/gz_sim_vendor/lib:/opt/ros/jazzy/opt/gz_sensors_vendor/lib:/opt/ros/jazzy/opt/gz_physics_vendor/lib:/opt/ros/jazzy/opt/sdformat_vendor/lib:/opt/ros/jazzy/opt/rviz_ogre_vendor/lib:/opt/ros/jazzy/lib/aarch64-linux-gnu:/opt/ros/jazzy/opt/gz_gui_vendor/lib:/opt/ros/jazzy/opt/gz_transport_vendor/lib:/opt/ros/jazzy/opt/gz_rendering_vendor/lib:/opt/ros/jazzy/opt/gz_plugin_vendor/lib:/opt/ros/jazzy/opt/gz_fuel_tools_vendor/lib:/opt/ros/jazzy/opt/gz_msgs_vendor/lib:/opt/ros/jazzy/opt/gz_common_vendor/lib:/opt/ros/jazzy/opt/gz_math_vendor/lib:/opt/ros/jazzy/opt/gz_utils_vendor/lib:/opt/ros/jazzy/opt/gz_tools_vendor/lib:/opt/ros/jazzy/opt/gz_ogre_next_vendor/lib:/opt/ros/jazzy/opt/gz_dartsim_vendor/lib:/opt/ros/jazzy/opt/gz_cmake_vendor/lib:/opt/ros/jazzy/lib', 'HOME': '/home/rio', 'OLDPWD': '/home/rio/ardupilot/gz_ws', 'ROS_PYTHON_VERSION': '3', 'PS1': '\\u@\\h:\\w\\$', 'LC_CTYPE': 'C.UTF-8', 'ROS_DISTRO': 'jazzy', '_': '/usr/bin/colcon', 'ROS_VERSION': '2', 'TERM': 'xterm-256color', 'PATH': '/opt/ros/jazzy/opt/gz_msgs_vendor/bin:/opt/ros/jazzy/opt/gz_tools_vendor/bin:/opt/ros/jazzy/opt/gz_ogre_next_vendor/bin:/opt/ros/jazzy/bin:/usr/local/sbin:/usr/local/bin:/usr/sbin:/usr/bin:/sbin:/bin', 'AMENT_PREFIX_PATH': '/opt/ros/jazzy', 'GZ_VERSION': 'harmonic', 'ROS_AUTOMATIC_DISCOVERY_RANGE': 'SUBNET', 'PWD': '/home/rio/ardupilot/gz_ws/build/ardupilot_gazebo', 'PYTHONPATH': '/opt/ros/jazzy/lib/python3.12/site-packages', 'COLCON': '1', 'CMAKE_PREFIX_PATH': '/opt/ros/jazzy/opt/gz_sim_vendor:/opt/ros/jazzy/opt/gz_sensors_vendor:/opt/ros/jazzy/opt/gz_physics_vendor:/opt/ros/jazzy/opt/sdformat_vendor:/opt/ros/jazzy/opt/gz_gui_vendor:/opt/ros/jazzy/opt/gz_transport_vendor:/opt/ros/jazzy/opt/gz_rendering_vendor:/opt/ros/jazzy/opt/gz_plugin_vendor:/opt/ros/jazzy/opt/gz_fuel_tools_vendor:/opt/ros/jazzy/opt/gz_msgs_vendor:/opt/ros/jazzy/opt/gz_common_vendor:/opt/ros/jazzy/opt/gz_math_vendor:/opt/ros/jazzy/opt/gz_utils_vendor:/opt/ros/jazzy/opt/gz_tools_vendor:/opt/ros/jazzy/opt/gz_ogre_next_vendor:/opt/ros/jazzy/opt/gz_dartsim_vendor:/opt/ros/jazzy/opt/gz_cmake_vendor:/opt/ros/jazzy'}), 'shell': False}
[3.004275] (ardupilot_gazebo) StdoutLine: {'line': b'[ 10%] \x1b[32mBuilding CXX object CMakeFiles/GstCameraPlugin.dir/src/GstCameraPlugin.cc.o\x1b[0m\n'}
[3.004594] (-) TimerEvent: {}
[3.005007] (ardupilot_gazebo) StdoutLine: {'line': b'[ 20%] \x1b[32mBuilding CXX object CMakeFiles/ParachutePlugin.dir/src/ParachutePlugin.cc.o\x1b[0m\n'}
[3.005705] (ardupilot_gazebo) StdoutLine: {'line': b'[ 30%] \x1b[32mBuilding CXX object CMakeFiles/ArduPilotPlugin.dir/src/ArduPilotPlugin.cc.o\x1b[0m\n'}
[3.006849] (ardupilot_gazebo) StdoutLine: {'line': b'[ 40%] \x1b[32mBuilding CXX object CMakeFiles/ArduPilotPlugin.dir/src/Util.cc.o\x1b[0m\n'}
[3.007400] (ardupilot_gazebo) StdoutLine: {'line': b'[ 60%] \x1b[32mBuilding CXX object CMakeFiles/ArduPilotPlugin.dir/src/SocketUDP.cc.o\x1b[0m\n'}
[3.007461] (ardupilot_gazebo) StdoutLine: {'line': b'[ 60%] \x1b[32mBuilding CXX object CMakeFiles/CameraZoomPlugin.dir/src/CameraZoomPlugin.cc.o\x1b[0m\n'}
[3.105463] (-) TimerEvent: {}
[3.205843] (-) TimerEvent: {}
[3.306732] (-) TimerEvent: {}
[3.407983] (-) TimerEvent: {}
[3.508375] (-) TimerEvent: {}
[3.608762] (-) TimerEvent: {}
[3.710730] (-) TimerEvent: {}
[3.811903] (-) TimerEvent: {}
[3.913790] (-) TimerEvent: {}
[4.015637] (-) TimerEvent: {}
[4.117356] (-) TimerEvent: {}
[4.219107] (-) TimerEvent: {}
[4.320900] (-) TimerEvent: {}
[4.421314] (-) TimerEvent: {}
[4.524070] (-) TimerEvent: {}
[4.626041] (-) TimerEvent: {}
[4.727883] (-) TimerEvent: {}
[4.829720] (-) TimerEvent: {}
[4.931543] (-) TimerEvent: {}
[5.033322] (-) TimerEvent: {}
[5.135120] (-) TimerEvent: {}
[5.235541] (-) TimerEvent: {}
[5.336149] (-) TimerEvent: {}
[5.437886] (-) TimerEvent: {}
[5.539630] (-) TimerEvent: {}
[5.641451] (-) TimerEvent: {}
[5.743336] (-) TimerEvent: {}
[5.844940] (-) TimerEvent: {}
[5.946790] (-) TimerEvent: {}
[6.048684] (-) TimerEvent: {}
[6.150406] (-) TimerEvent: {}
[6.252198] (-) TimerEvent: {}
[6.354052] (-) TimerEvent: {}
[6.454597] (-) TimerEvent: {}
[6.555029] (-) TimerEvent: {}
[6.656769] (-) TimerEvent: {}
[6.758652] (-) TimerEvent: {}
[6.860492] (-) TimerEvent: {}
[6.962597] (-) TimerEvent: {}
[7.064403] (-) TimerEvent: {}
[7.166165] (-) TimerEvent: {}
[7.267960] (-) TimerEvent: {}
[7.369725] (-) TimerEvent: {}
[7.470801] (-) TimerEvent: {}
[7.572603] (-) TimerEvent: {}
[7.674610] (-) TimerEvent: {}
[7.776403] (-) TimerEvent: {}
[7.878527] (-) TimerEvent: {}
[7.978919] (-) TimerEvent: {}
[8.079471] (-) TimerEvent: {}
[8.181215] (-) TimerEvent: {}
[8.282994] (-) TimerEvent: {}
[8.384748] (-) TimerEvent: {}
[8.441578] (ardupilot_gazebo) StdoutLine: {'line': b'[ 70%] \x1b[32m\x1b[1mLinking CXX shared library libCameraZoomPlugin.so\x1b[0m\n'}
[8.447337] (ardupilot_gazebo) StdoutLine: {'line': b'[ 80%] \x1b[32m\x1b[1mLinking CXX shared library libParachutePlugin.so\x1b[0m\n'}
[8.484857] (-) TimerEvent: {}
[8.586305] (-) TimerEvent: {}
[8.688247] (-) TimerEvent: {}
[8.731156] (ardupilot_gazebo) StdoutLine: {'line': b'[ 80%] Built target CameraZoomPlugin\n'}
[8.754628] (ardupilot_gazebo) StdoutLine: {'line': b'[ 80%] Built target ParachutePlugin\n'}
[8.788322] (-) TimerEvent: {}
[8.890074] (-) TimerEvent: {}
[8.913867] (ardupilot_gazebo) StdoutLine: {'line': b'[ 90%] \x1b[32m\x1b[1mLinking CXX shared library libGstCameraPlugin.so\x1b[0m\n'}
[8.990166] (-) TimerEvent: {}
[9.091912] (-) TimerEvent: {}
[9.193603] (-) TimerEvent: {}
[9.241120] (ardupilot_gazebo) StdoutLine: {'line': b'[ 90%] Built target GstCameraPlugin\n'}
[9.293674] (-) TimerEvent: {}
[9.393926] (-) TimerEvent: {}
[9.441460] (ardupilot_gazebo) StdoutLine: {'line': b'[100%] \x1b[32m\x1b[1mLinking CXX shared library libArduPilotPlugin.so\x1b[0m\n'}
[9.494059] (-) TimerEvent: {}
[9.594377] (-) TimerEvent: {}
[9.694555] (-) TimerEvent: {}
[9.742685] (ardupilot_gazebo) StdoutLine: {'line': b'[100%] Built target ArduPilotPlugin\n'}
[9.760383] (ardupilot_gazebo) CommandEnded: {'returncode': 0}
[9.761347] (ardupilot_gazebo) JobProgress: {'identifier': 'ardupilot_gazebo', 'progress': 'install'}
[9.774275] (ardupilot_gazebo) Command: {'cmd': ['/usr/bin/cmake', '--install', '/home/rio/ardupilot/gz_ws/build/ardupilot_gazebo'], 'cwd': '/home/rio/ardupilot/gz_ws/build/ardupilot_gazebo', 'env': OrderedDict({'GZ_SIM_RESOURCE_PATH': '/opt/ros/jazzy/share', 'GZ_CONFIG_PATH': '/opt/ros/jazzy/opt/gz_sim_vendor/share/gz:/opt/ros/jazzy/opt/sdformat_vendor/share/gz:/opt/ros/jazzy/opt/gz_gui_vendor/share/gz:/opt/ros/jazzy/opt/gz_transport_vendor/share/gz:/opt/ros/jazzy/opt/gz_rendering_vendor/share/gz:/opt/ros/jazzy/opt/gz_plugin_vendor/share/gz:/opt/ros/jazzy/opt/gz_fuel_tools_vendor/share/gz:/opt/ros/jazzy/opt/gz_msgs_vendor/share/gz:/opt/ros/jazzy/opt/gz_common_vendor/share/gz', 'SHLVL': '1', 'LD_LIBRARY_PATH': '/opt/ros/jazzy/opt/gz_sim_vendor/lib:/opt/ros/jazzy/opt/gz_sensors_vendor/lib:/opt/ros/jazzy/opt/gz_physics_vendor/lib:/opt/ros/jazzy/opt/sdformat_vendor/lib:/opt/ros/jazzy/opt/rviz_ogre_vendor/lib:/opt/ros/jazzy/lib/aarch64-linux-gnu:/opt/ros/jazzy/opt/gz_gui_vendor/lib:/opt/ros/jazzy/opt/gz_transport_vendor/lib:/opt/ros/jazzy/opt/gz_rendering_vendor/lib:/opt/ros/jazzy/opt/gz_plugin_vendor/lib:/opt/ros/jazzy/opt/gz_fuel_tools_vendor/lib:/opt/ros/jazzy/opt/gz_msgs_vendor/lib:/opt/ros/jazzy/opt/gz_common_vendor/lib:/opt/ros/jazzy/opt/gz_math_vendor/lib:/opt/ros/jazzy/opt/gz_utils_vendor/lib:/opt/ros/jazzy/opt/gz_tools_vendor/lib:/opt/ros/jazzy/opt/gz_ogre_next_vendor/lib:/opt/ros/jazzy/opt/gz_dartsim_vendor/lib:/opt/ros/jazzy/opt/gz_cmake_vendor/lib:/opt/ros/jazzy/lib', 'HOME': '/home/rio', 'OLDPWD': '/home/rio/ardupilot/gz_ws', 'ROS_PYTHON_VERSION': '3', 'PS1': '\\u@\\h:\\w\\$', 'LC_CTYPE': 'C.UTF-8', 'ROS_DISTRO': 'jazzy', '_': '/usr/bin/colcon', 'ROS_VERSION': '2', 'TERM': 'xterm-256color', 'PATH': '/opt/ros/jazzy/opt/gz_msgs_vendor/bin:/opt/ros/jazzy/opt/gz_tools_vendor/bin:/opt/ros/jazzy/opt/gz_ogre_next_vendor/bin:/opt/ros/jazzy/bin:/usr/local/sbin:/usr/local/bin:/usr/sbin:/usr/bin:/sbin:/bin', 'AMENT_PREFIX_PATH': '/opt/ros/jazzy', 'GZ_VERSION': 'harmonic', 'ROS_AUTOMATIC_DISCOVERY_RANGE': 'SUBNET', 'PWD': '/home/rio/ardupilot/gz_ws/build/ardupilot_gazebo', 'PYTHONPATH': '/opt/ros/jazzy/lib/python3.12/site-packages', 'COLCON': '1', 'CMAKE_PREFIX_PATH': '/opt/ros/jazzy/opt/gz_sim_vendor:/opt/ros/jazzy/opt/gz_sensors_vendor:/opt/ros/jazzy/opt/gz_physics_vendor:/opt/ros/jazzy/opt/sdformat_vendor:/opt/ros/jazzy/opt/gz_gui_vendor:/opt/ros/jazzy/opt/gz_transport_vendor:/opt/ros/jazzy/opt/gz_rendering_vendor:/opt/ros/jazzy/opt/gz_plugin_vendor:/opt/ros/jazzy/opt/gz_fuel_tools_vendor:/opt/ros/jazzy/opt/gz_msgs_vendor:/opt/ros/jazzy/opt/gz_common_vendor:/opt/ros/jazzy/opt/gz_math_vendor:/opt/ros/jazzy/opt/gz_utils_vendor:/opt/ros/jazzy/opt/gz_tools_vendor:/opt/ros/jazzy/opt/gz_ogre_next_vendor:/opt/ros/jazzy/opt/gz_dartsim_vendor:/opt/ros/jazzy/opt/gz_cmake_vendor:/opt/ros/jazzy'}), 'shell': False}
[9.786015] (ardupilot_gazebo) StdoutLine: {'line': b'-- Install configuration: ""\n'}
[9.786161] (ardupilot_gazebo) StdoutLine: {'line': b'-- Execute custom install script\n'}
[9.786223] (ardupilot_gazebo) StdoutLine: {'line': b'-- Symlinking: /home/rio/ardupilot/gz_ws/install/ardupilot_gazebo/lib/ardupilot_gazebo/libArduPilotPlugin.so\n'}
[9.794617] (-) TimerEvent: {}
[9.797254] (ardupilot_gazebo) StdoutLine: {'line': b'-- Symlinking: /home/rio/ardupilot/gz_ws/install/ardupilot_gazebo/lib/ardupilot_gazebo/libParachutePlugin.so\n'}
[9.808720] (ardupilot_gazebo) StdoutLine: {'line': b'-- Symlinking: /home/rio/ardupilot/gz_ws/install/ardupilot_gazebo/lib/ardupilot_gazebo/libCameraZoomPlugin.so\n'}
[9.821529] (ardupilot_gazebo) StdoutLine: {'line': b'-- Symlinking: /home/rio/ardupilot/gz_ws/install/ardupilot_gazebo/lib/ardupilot_gazebo/libGstCameraPlugin.so\n'}
[9.832254] (ardupilot_gazebo) StdoutLine: {'line': b'-- Symlinking: /home/rio/ardupilot/gz_ws/install/ardupilot_gazebo/share/ardupilot_gazebo/config/gazebo-iris-gimbal.parm\n'}
[9.845459] (ardupilot_gazebo) StdoutLine: {'line': b'-- Symlinking: /home/rio/ardupilot/gz_ws/install/ardupilot_gazebo/share/ardupilot_gazebo/models/gimbal_small_1d/meshes/base_arm.dae\n'}
[9.855894] (ardupilot_gazebo) StdoutLine: {'line': b'-- Symlinking: /home/rio/ardupilot/gz_ws/install/ardupilot_gazebo/share/ardupilot_gazebo/models/gimbal_small_1d/meshes/base_main.dae\n'}
[9.867637] (ardupilot_gazebo) StdoutLine: {'line': b'-- Symlinking: /home/rio/ardupilot/gz_ws/install/ardupilot_gazebo/share/ardupilot_gazebo/models/gimbal_small_1d/meshes/tilt.dae\n'}
[9.879485] (ardupilot_gazebo) StdoutLine: {'line': b'-- Symlinking: /home/rio/ardupilot/gz_ws/install/ardupilot_gazebo/share/ardupilot_gazebo/models/gimbal_small_1d/model.config\n'}
[9.890563] (ardupilot_gazebo) StdoutLine: {'line': b'-- Symlinking: /home/rio/ardupilot/gz_ws/install/ardupilot_gazebo/share/ardupilot_gazebo/models/gimbal_small_1d/model.sdf\n'}
[9.894693] (-) TimerEvent: {}
[9.902125] (ardupilot_gazebo) StdoutLine: {'line': b'-- Symlinking: /home/rio/ardupilot/gz_ws/install/ardupilot_gazebo/share/ardupilot_gazebo/models/gimbal_small_2d/meshes/base_arm.dae\n'}
[9.913375] (ardupilot_gazebo) StdoutLine: {'line': b'-- Symlinking: /home/rio/ardupilot/gz_ws/install/ardupilot_gazebo/share/ardupilot_gazebo/models/gimbal_small_2d/meshes/base_main.dae\n'}
[9.925558] (ardupilot_gazebo) StdoutLine: {'line': b'-- Symlinking: /home/rio/ardupilot/gz_ws/install/ardupilot_gazebo/share/ardupilot_gazebo/models/gimbal_small_2d/meshes/tilt.dae\n'}
[9.936007] (ardupilot_gazebo) StdoutLine: {'line': b'-- Symlinking: /home/rio/ardupilot/gz_ws/install/ardupilot_gazebo/share/ardupilot_gazebo/models/gimbal_small_2d/model.config\n'}
[9.946812] (ardupilot_gazebo) StdoutLine: {'line': b'-- Symlinking: /home/rio/ardupilot/gz_ws/install/ardupilot_gazebo/share/ardupilot_gazebo/models/gimbal_small_2d/model.sdf\n'}
[9.958541] (ardupilot_gazebo) StdoutLine: {'line': b'-- Symlinking: /home/rio/ardupilot/gz_ws/install/ardupilot_gazebo/share/ardupilot_gazebo/models/gimbal_small_3d/meshes/base_plate.dae\n'}
[9.969420] (ardupilot_gazebo) StdoutLine: {'line': b'-- Symlinking: /home/rio/ardupilot/gz_ws/install/ardupilot_gazebo/share/ardupilot_gazebo/models/gimbal_small_3d/meshes/camera_enclosure.dae\n'}
[9.979016] (ardupilot_gazebo) StdoutLine: {'line': b'-- Symlinking: /home/rio/ardupilot/gz_ws/install/ardupilot_gazebo/share/ardupilot_gazebo/models/gimbal_small_3d/meshes/roll_arm.dae\n'}
[9.990691] (ardupilot_gazebo) StdoutLine: {'line': b'-- Symlinking: /home/rio/ardupilot/gz_ws/install/ardupilot_gazebo/share/ardupilot_gazebo/models/gimbal_small_3d/meshes/yaw_arm.dae\n'}
[9.994781] (-) TimerEvent: {}
[10.001339] (ardupilot_gazebo) StdoutLine: {'line': b'-- Symlinking: /home/rio/ardupilot/gz_ws/install/ardupilot_gazebo/share/ardupilot_gazebo/models/gimbal_small_3d/model.config\n'}
[10.012605] (ardupilot_gazebo) StdoutLine: {'line': b'-- Symlinking: /home/rio/ardupilot/gz_ws/install/ardupilot_gazebo/share/ardupilot_gazebo/models/gimbal_small_3d/model.sdf\n'}
[10.023544] (ardupilot_gazebo) StdoutLine: {'line': b'-- Symlinking: /home/rio/ardupilot/gz_ws/install/ardupilot_gazebo/share/ardupilot_gazebo/models/iris_with_ardupilot/model.config\n'}
[10.034747] (ardupilot_gazebo) StdoutLine: {'line': b'-- Symlinking: /home/rio/ardupilot/gz_ws/install/ardupilot_gazebo/share/ardupilot_gazebo/models/iris_with_ardupilot/model.sdf\n'}
[10.045561] (ardupilot_gazebo) StdoutLine: {'line': b'-- Symlinking: /home/rio/ardupilot/gz_ws/install/ardupilot_gazebo/share/ardupilot_gazebo/models/iris_with_gimbal/model.config\n'}
[10.056465] (ardupilot_gazebo) StdoutLine: {'line': b'-- Symlinking: /home/rio/ardupilot/gz_ws/install/ardupilot_gazebo/share/ardupilot_gazebo/models/iris_with_gimbal/model.sdf\n'}
[10.067832] (ardupilot_gazebo) StdoutLine: {'line': b'-- Symlinking: /home/rio/ardupilot/gz_ws/install/ardupilot_gazebo/share/ardupilot_gazebo/models/iris_with_gimbal_2/model.config\n'}
[10.078483] (ardupilot_gazebo) StdoutLine: {'line': b'-- Symlinking: /home/rio/ardupilot/gz_ws/install/ardupilot_gazebo/share/ardupilot_gazebo/models/iris_with_gimbal_2/model.sdf\n'}
[10.089598] (ardupilot_gazebo) StdoutLine: {'line': b'-- Symlinking: /home/rio/ardupilot/gz_ws/install/ardupilot_gazebo/share/ardupilot_gazebo/models/iris_with_standoffs/meshes/iris.dae\n'}
[10.094853] (-) TimerEvent: {}
[10.100098] (ardupilot_gazebo) StdoutLine: {'line': b'-- Symlinking: /home/rio/ardupilot/gz_ws/install/ardupilot_gazebo/share/ardupilot_gazebo/models/iris_with_standoffs/meshes/iris_collision.stl\n'}
[10.110577] (ardupilot_gazebo) StdoutLine: {'line': b'-- Symlinking: /home/rio/ardupilot/gz_ws/install/ardupilot_gazebo/share/ardupilot_gazebo/models/iris_with_standoffs/meshes/iris_prop_ccw.dae\n'}
[10.121263] (ardupilot_gazebo) StdoutLine: {'line': b'-- Symlinking: /home/rio/ardupilot/gz_ws/install/ardupilot_gazebo/share/ardupilot_gazebo/models/iris_with_standoffs/meshes/iris_prop_cw.dae\n'}
[10.133860] (ardupilot_gazebo) StdoutLine: {'line': b'-- Symlinking: /home/rio/ardupilot/gz_ws/install/ardupilot_gazebo/share/ardupilot_gazebo/models/iris_with_standoffs/model.config\n'}
[10.144852] (ardupilot_gazebo) StdoutLine: {'line': b'-- Symlinking: /home/rio/ardupilot/gz_ws/install/ardupilot_gazebo/share/ardupilot_gazebo/models/iris_with_standoffs/model.sdf\n'}
[10.155742] (ardupilot_gazebo) StdoutLine: {'line': b'-- Symlinking: /home/rio/ardupilot/gz_ws/install/ardupilot_gazebo/share/ardupilot_gazebo/models/parachute_small/meshes/parachute_small.dae\n'}
[10.167152] (ardupilot_gazebo) StdoutLine: {'line': b'-- Symlinking: /home/rio/ardupilot/gz_ws/install/ardupilot_gazebo/share/ardupilot_gazebo/models/parachute_small/model.config\n'}
[10.177689] (ardupilot_gazebo) StdoutLine: {'line': b'-- Symlinking: /home/rio/ardupilot/gz_ws/install/ardupilot_gazebo/share/ardupilot_gazebo/models/parachute_small/model.sdf\n'}
[10.188862] (ardupilot_gazebo) StdoutLine: {'line': b'-- Symlinking: /home/rio/ardupilot/gz_ws/install/ardupilot_gazebo/share/ardupilot_gazebo/models/runway/materials/textures/Grass004_2K_AmbientOcclusion.jpg\n'}
[10.194921] (-) TimerEvent: {}
[10.199667] (ardupilot_gazebo) StdoutLine: {'line': b'-- Symlinking: /home/rio/ardupilot/gz_ws/install/ardupilot_gazebo/share/ardupilot_gazebo/models/runway/materials/textures/Grass004_2K_Color copy.jpg\n'}
[10.211250] (ardupilot_gazebo) StdoutLine: {'line': b'-- Symlinking: /home/rio/ardupilot/gz_ws/install/ardupilot_gazebo/share/ardupilot_gazebo/models/runway/materials/textures/Grass004_2K_Color.jpg\n'}
[10.222347] (ardupilot_gazebo) StdoutLine: {'line': b'-- Symlinking: /home/rio/ardupilot/gz_ws/install/ardupilot_gazebo/share/ardupilot_gazebo/models/runway/materials/textures/Grass004_2K_Displacement.jpg\n'}
[10.232853] (ardupilot_gazebo) StdoutLine: {'line': b'-- Symlinking: /home/rio/ardupilot/gz_ws/install/ardupilot_gazebo/share/ardupilot_gazebo/models/runway/materials/textures/Grass004_2K_NormalGL.jpg\n'}
[10.245134] (ardupilot_gazebo) StdoutLine: {'line': b'-- Symlinking: /home/rio/ardupilot/gz_ws/install/ardupilot_gazebo/share/ardupilot_gazebo/models/runway/materials/textures/Grass004_2K_Roughness.jpg\n'}
[10.255949] (ardupilot_gazebo) StdoutLine: {'line': b'-- Symlinking: /home/rio/ardupilot/gz_ws/install/ardupilot_gazebo/share/ardupilot_gazebo/models/runway/materials/textures/runway.png\n'}
[10.267332] (ardupilot_gazebo) StdoutLine: {'line': b'-- Symlinking: /home/rio/ardupilot/gz_ws/install/ardupilot_gazebo/share/ardupilot_gazebo/models/runway/meshes/airfield.dae\n'}
[10.280585] (ardupilot_gazebo) StdoutLine: {'line': b'-- Symlinking: /home/rio/ardupilot/gz_ws/install/ardupilot_gazebo/share/ardupilot_gazebo/models/runway/model.config\n'}
[10.292110] (ardupilot_gazebo) StdoutLine: {'line': b'-- Symlinking: /home/rio/ardupilot/gz_ws/install/ardupilot_gazebo/share/ardupilot_gazebo/models/runway/model.sdf\n'}
[10.294984] (-) TimerEvent: {}
[10.303699] (ardupilot_gazebo) StdoutLine: {'line': b'-- Symlinking: /home/rio/ardupilot/gz_ws/install/ardupilot_gazebo/share/ardupilot_gazebo/models/zephyr/materials/textures/wing.png\n'}
[10.315489] (ardupilot_gazebo) StdoutLine: {'line': b'-- Symlinking: /home/rio/ardupilot/gz_ws/install/ardupilot_gazebo/share/ardupilot_gazebo/models/zephyr/meshes/parachute_small.dae\n'}
[10.326028] (ardupilot_gazebo) StdoutLine: {'line': b'-- Symlinking: /home/rio/ardupilot/gz_ws/install/ardupilot_gazebo/share/ardupilot_gazebo/models/zephyr/meshes/wing.dae\n'}
[10.337776] (ardupilot_gazebo) StdoutLine: {'line': b'-- Symlinking: /home/rio/ardupilot/gz_ws/install/ardupilot_gazebo/share/ardupilot_gazebo/models/zephyr/model.config\n'}
[10.349197] (ardupilot_gazebo) StdoutLine: {'line': b'-- Symlinking: /home/rio/ardupilot/gz_ws/install/ardupilot_gazebo/share/ardupilot_gazebo/models/zephyr/model.sdf\n'}
[10.362000] (ardupilot_gazebo) StdoutLine: {'line': b'-- Symlinking: /home/rio/ardupilot/gz_ws/install/ardupilot_gazebo/share/ardupilot_gazebo/models/zephyr/thumbnails/1.png\n'}
[10.373290] (ardupilot_gazebo) StdoutLine: {'line': b'-- Symlinking: /home/rio/ardupilot/gz_ws/install/ardupilot_gazebo/share/ardupilot_gazebo/models/zephyr/thumbnails/2.png\n'}
[10.385655] (ardupilot_gazebo) StdoutLine: {'line': b'-- Symlinking: /home/rio/ardupilot/gz_ws/install/ardupilot_gazebo/share/ardupilot_gazebo/models/zephyr/thumbnails/3.png\n'}
[10.395094] (-) TimerEvent: {}
[10.396726] (ardupilot_gazebo) StdoutLine: {'line': b'-- Symlinking: /home/rio/ardupilot/gz_ws/install/ardupilot_gazebo/share/ardupilot_gazebo/models/zephyr/thumbnails/4.png\n'}
[10.408060] (ardupilot_gazebo) StdoutLine: {'line': b'-- Symlinking: /home/rio/ardupilot/gz_ws/install/ardupilot_gazebo/share/ardupilot_gazebo/models/zephyr/thumbnails/5.png\n'}
[10.419477] (ardupilot_gazebo) StdoutLine: {'line': b'-- Symlinking: /home/rio/ardupilot/gz_ws/install/ardupilot_gazebo/share/ardupilot_gazebo/models/zephyr_with_ardupilot/model.config\n'}
[10.432834] (ardupilot_gazebo) StdoutLine: {'line': b'-- Symlinking: /home/rio/ardupilot/gz_ws/install/ardupilot_gazebo/share/ardupilot_gazebo/models/zephyr_with_ardupilot/model.sdf\n'}
[10.443772] (ardupilot_gazebo) StdoutLine: {'line': b'-- Symlinking: /home/rio/ardupilot/gz_ws/install/ardupilot_gazebo/share/ardupilot_gazebo/models/zephyr_with_parachute/model.config\n'}
[10.456940] (ardupilot_gazebo) StdoutLine: {'line': b'-- Symlinking: /home/rio/ardupilot/gz_ws/install/ardupilot_gazebo/share/ardupilot_gazebo/models/zephyr_with_parachute/model.sdf\n'}
[10.468835] (ardupilot_gazebo) StdoutLine: {'line': b'-- Symlinking: /home/rio/ardupilot/gz_ws/install/ardupilot_gazebo/share/ardupilot_gazebo/worlds/gimbal.sdf\n'}
[10.479872] (ardupilot_gazebo) StdoutLine: {'line': b'-- Symlinking: /home/rio/ardupilot/gz_ws/install/ardupilot_gazebo/share/ardupilot_gazebo/worlds/iris_runway.sdf\n'}
[10.491390] (ardupilot_gazebo) StdoutLine: {'line': b'-- Symlinking: /home/rio/ardupilot/gz_ws/install/ardupilot_gazebo/share/ardupilot_gazebo/worlds/iris_runway_2.sdf\n'}
[10.495149] (-) TimerEvent: {}
[10.502345] (ardupilot_gazebo) StdoutLine: {'line': b'-- Symlinking: /home/rio/ardupilot/gz_ws/install/ardupilot_gazebo/share/ardupilot_gazebo/worlds/iris_runway_2.sdf.bak\n'}
[10.514066] (ardupilot_gazebo) StdoutLine: {'line': b'-- Symlinking: /home/rio/ardupilot/gz_ws/install/ardupilot_gazebo/share/ardupilot_gazebo/worlds/iris_warehouse.sdf\n'}
[10.524520] (ardupilot_gazebo) StdoutLine: {'line': b'-- Symlinking: /home/rio/ardupilot/gz_ws/install/ardupilot_gazebo/share/ardupilot_gazebo/worlds/zephyr_parachute.sdf\n'}
[10.536094] (ardupilot_gazebo) StdoutLine: {'line': b'-- Symlinking: /home/rio/ardupilot/gz_ws/install/ardupilot_gazebo/share/ardupilot_gazebo/worlds/zephyr_runway.sdf\n'}
[10.547909] (ardupilot_gazebo) StdoutLine: {'line': b'-- Symlinking: /home/rio/ardupilot/gz_ws/install/ardupilot_gazebo/share/ardupilot_gazebo/environment/ardupilot_gazebo.dsv\n'}
[10.558993] (ardupilot_gazebo) StdoutLine: {'line': b'-- Symlinking: /home/rio/ardupilot/gz_ws/install/ardupilot_gazebo/share/ardupilot_gazebo/environment/ardupilot_gazebo.sh\n'}
[10.572037] (ardupilot_gazebo) StdoutLine: {'line': b'-- Symlinking: /home/rio/ardupilot/gz_ws/install/ardupilot_gazebo/share/ament_index/resource_index/package_run_dependencies/ardupilot_gazebo\n'}
[10.583158] (ardupilot_gazebo) StdoutLine: {'line': b'-- Symlinking: /home/rio/ardupilot/gz_ws/install/ardupilot_gazebo/share/ament_index/resource_index/parent_prefix_path/ardupilot_gazebo\n'}
[10.594589] (ardupilot_gazebo) StdoutLine: {'line': b'-- Symlinking: /home/rio/ardupilot/gz_ws/install/ardupilot_gazebo/share/ardupilot_gazebo/environment/ament_prefix_path.sh\n'}
[10.595226] (-) TimerEvent: {}
[10.606478] (ardupilot_gazebo) StdoutLine: {'line': b'-- Symlinking: /home/rio/ardupilot/gz_ws/install/ardupilot_gazebo/share/ardupilot_gazebo/environment/ament_prefix_path.dsv\n'}
[10.617728] (ardupilot_gazebo) StdoutLine: {'line': b'-- Symlinking: /home/rio/ardupilot/gz_ws/install/ardupilot_gazebo/share/ardupilot_gazebo/environment/path.sh\n'}
[10.629546] (ardupilot_gazebo) StdoutLine: {'line': b'-- Symlinking: /home/rio/ardupilot/gz_ws/install/ardupilot_gazebo/share/ardupilot_gazebo/environment/path.dsv\n'}
[10.640419] (ardupilot_gazebo) StdoutLine: {'line': b'-- Symlinking: /home/rio/ardupilot/gz_ws/install/ardupilot_gazebo/share/ardupilot_gazebo/local_setup.bash\n'}
[10.651278] (ardupilot_gazebo) StdoutLine: {'line': b'-- Symlinking: /home/rio/ardupilot/gz_ws/install/ardupilot_gazebo/share/ardupilot_gazebo/local_setup.sh\n'}
[10.662855] (ardupilot_gazebo) StdoutLine: {'line': b'-- Symlinking: /home/rio/ardupilot/gz_ws/install/ardupilot_gazebo/share/ardupilot_gazebo/local_setup.zsh\n'}
[10.675378] (ardupilot_gazebo) StdoutLine: {'line': b'-- Symlinking: /home/rio/ardupilot/gz_ws/install/ardupilot_gazebo/share/ardupilot_gazebo/local_setup.dsv\n'}
[10.684582] (ardupilot_gazebo) StdoutLine: {'line': b'-- Symlinking: /home/rio/ardupilot/gz_ws/install/ardupilot_gazebo/share/ardupilot_gazebo/package.dsv\n'}
[10.695320] (-) TimerEvent: {}
[10.695755] (ardupilot_gazebo) StdoutLine: {'line': b'-- Symlinking: /home/rio/ardupilot/gz_ws/install/ardupilot_gazebo/share/ament_index/resource_index/packages/ardupilot_gazebo\n'}
[10.707430] (ardupilot_gazebo) StdoutLine: {'line': b'-- Symlinking: /home/rio/ardupilot/gz_ws/install/ardupilot_gazebo/share/ardupilot_gazebo/cmake/ardupilot_gazeboConfig.cmake\n'}
[10.718964] (ardupilot_gazebo) StdoutLine: {'line': b'-- Symlinking: /home/rio/ardupilot/gz_ws/install/ardupilot_gazebo/share/ardupilot_gazebo/cmake/ardupilot_gazeboConfig-version.cmake\n'}
[10.729472] (ardupilot_gazebo) StdoutLine: {'line': b'-- Symlinking: /home/rio/ardupilot/gz_ws/install/ardupilot_gazebo/share/ardupilot_gazebo/package.xml\n'}
[10.743322] (ardupilot_gazebo) CommandEnded: {'returncode': 0}
[10.771779] (ardupilot_gazebo) JobEnded: {'identifier': 'ardupilot_gazebo', 'rc': 0}
[10.772935] (-) EventReactorShutdown: {}
