[0.009s] Invoking command in '/home/rio/ardupilot/gz_ws/build/ardupilot_gazebo': CMAKE_PREFIX_PATH=${CMAKE_PREFIX_PATH}:/opt/ros/jazzy PS1=\u@\h:\w\$ /usr/bin/cmake /home/rio/ardupilot/gz_ws/src/ardupilot_gazebo -DAMENT_CMAKE_SYMLINK_INSTALL=1 -DCMAKE_INSTALL_PREFIX=/home/rio/ardupilot/gz_ws/install/ardupilot_gazebo
[0.116s] -- The C compiler identification is GNU 13.3.0
[0.205s] -- The CXX compiler identification is GNU 13.3.0
[0.232s] -- Detecting C compiler ABI info
[0.361s] -- Detecting C compiler ABI info - done
[0.378s] -- Check for working C compiler: /usr/bin/cc - skipped
[0.379s] -- Detecting C compile features
[0.381s] -- Detecting C compile features - done
[0.395s] -- Detecting CXX compiler ABI info
[0.532s] -- Detecting CXX compiler ABI info - done
[0.550s] -- Check for working CXX compiler: /usr/bin/c++ - skipped
[0.551s] -- Detecting CXX compile features
[0.552s] -- Detecting CXX compile features - done
[0.741s] -- Found Python3: /usr/bin/python3 (found version "3.12.3") found components: Interpreter 
[0.815s] -- Override CMake install command with custom implementation using symlinks instead of copying resources
[0.861s] [0mBuilding ardupilot_gazebo as an `ament_cmake` project.[0m
[0.872s] -- Looking for gz-common5 -- found version 5.8.0
[0.872s] -- Searching for dependencies of gz-common5
[0.873s] -- Looking for gz-utils2 -- found version 2.2.1
[0.874s] -- Searching for dependencies of gz-utils2
[0.877s] -- Looking for dlfcn.h - found
[0.886s] -- Looking for libdl - found
[0.887s] -- Found DL: TRUE  
[0.895s] -- Checking for module 'uuid'
[0.914s] --   Found uuid, version 2.39.3
[0.958s] -- Found UUID: TRUE  
[0.960s] -- Looking for gz-common5 - found
[0.960s] 
[0.964s] -- Looking for gz-rendering8 -- found version 8.2.3
[0.964s] -- Searching for dependencies of gz-rendering8
[0.966s] -- Looking for gz-math7 -- found version 7.5.2
[0.966s] -- Searching for dependencies of gz-math7
[0.966s] -- Looking for gz-utils2 -- found version 2.2.1
[0.967s] -- Searching for <gz-math7> component [eigen3]
[0.969s] -- Looking for gz-math7-eigen3 -- found version 7.5.2
[0.970s] -- Searching for dependencies of gz-math7-eigen3
[0.980s] -- Looking for gz-common5 -- found version 5.8.0
[0.980s] -- Searching for dependencies of gz-common5
[0.980s] -- Looking for gz-utils2 -- found version 2.2.1
[0.980s] -- Looking for dlfcn.h - found
[0.980s] -- Looking for libdl - found
[0.989s] -- Searching for <gz-common5> component [graphics]
[0.992s] -- Looking for gz-common5-graphics -- found version 5.8.0
[0.992s] -- Searching for dependencies of gz-common5-graphics
[0.992s] -- Looking for gz-math7 -- found version 7.5.2
[0.998s] -- Found GzAssimp: TRUE (found version "5.3.0") 
[0.999s] -- Searching for <gz-common5> component [events]
[1.001s] -- Looking for gz-common5-events -- found version 5.8.0
[1.001s] -- Searching for dependencies of gz-common5-events
[1.001s] -- Looking for gz-math7 -- found version 7.5.2
[1.002s] -- Searching for <gz-common5> component [geospatial]
[1.004s] -- Looking for gz-common5-geospatial -- found version 5.8.0
[1.004s] -- Searching for dependencies of gz-common5-geospatial
[1.004s] -- Looking for gz-math7 -- found version 7.5.2
[1.004s] -- Looking for gz-common5 -- found version 5.8.0
[1.007s] -- Looking for gz-plugin2 -- found version 2.0.4
[1.007s] -- Searching for dependencies of gz-plugin2
[1.007s] -- Looking for gz-utils2 -- found version 2.2.1
[1.007s] -- Searching for dependencies of gz-utils2
[1.007s] -- Searching for <gz-utils2> component [cli]
[1.010s] -- Looking for gz-utils2-cli -- found version 2.2.1
[1.010s] -- Searching for dependencies of gz-utils2-cli
[1.011s] -- Searching for <gz-plugin2> component [all]
[1.013s] -- Looking for all libraries of gz-plugin2 -- found version 2.0.4
[1.013s] -- Looking for gz-plugin2 -- found version 2.0.4
[1.015s] -- Looking for gz-plugin2-loader -- found version 2.0.4
[1.015s] -- Searching for dependencies of gz-plugin2-loader
[1.017s] -- Looking for gz-plugin2-register -- found version 2.0.4
[1.017s] -- Searching for dependencies of gz-plugin2-register
[1.018s] -- Looking for gz-utils2 -- found version 2.2.1
[1.032s] -- Found OpenGL: /usr/lib/aarch64-linux-gnu/libOpenGL.so  found components: OpenGL 
[1.034s] -- Looking for gz-rendering8 - found
[1.034s] 
[1.036s] -- Looking for gz-sim8 -- found version 8.11.0
[1.036s] -- Searching for dependencies of gz-sim8
[1.038s] -- Looking for sdformat14 -- found version 14.9.0
[1.038s] -- Searching for dependencies of sdformat14
[1.044s] -- Checking for module 'tinyxml2'
[1.061s] --   Found tinyxml2, version 10.0.0
[1.108s] -- Looking for gz-math7 -- found version 7.5.2
[1.109s] -- Looking for gz-utils2 -- found version 2.2.1
[1.111s] -- Looking for gz-plugin2 -- found version 2.0.4
[1.114s] -- Looking for gz-transport13 -- found version 13.5.0
[1.114s] -- Searching for dependencies of gz-transport13
[1.285s] -- Found Protobuf: /usr/lib/aarch64-linux-gnu/libprotobuf.so (found version "3.21.12") 
[1.311s] -- Config-file not installed for ZeroMQ -- checking for pkg-config
[1.321s] -- Checking for module 'libzmq >= 4'
[1.345s] --   Found libzmq, version 4.3.5
[1.407s] -- Found ZeroMQ: TRUE (Required is at least version "4") 
[1.422s] -- Looking for gz-utils2 -- found version 2.2.1
[1.426s] -- Looking for gz-msgs10 -- found version 10.3.2
[1.426s] -- Searching for dependencies of gz-msgs10
[1.462s] -- Looking for gz-utils2 -- found version 2.2.1
[1.463s] -- Looking for gz-math7 -- found version 7.5.2
[1.478s] -- Searching for <gz-transport13> component [log]
[1.479s] -- Looking for gz-transport13-log -- found version 13.5.0
[1.479s] -- Searching for dependencies of gz-transport13-log
[1.480s] -- Searching for <gz-transport13> component [parameters]
[1.481s] -- Looking for gz-transport13-parameters -- found version 13.5.0
[1.481s] -- Searching for dependencies of gz-transport13-parameters
[1.482s] -- Looking for gz-msgs10 -- found version 10.3.2
[1.483s] -- Looking for gz-common5 -- found version 5.8.0
[1.483s] -- Searching for dependencies of gz-common5
[1.483s] -- Looking for gz-utils2 -- found version 2.2.1
[1.484s] -- Looking for dlfcn.h - found
[1.484s] -- Looking for libdl - found
[1.493s] -- Searching for <gz-common5> component [av]
[1.496s] -- Looking for gz-common5-av -- found version 5.8.0
[1.497s] -- Searching for dependencies of gz-common5-av
[1.505s] -- Checking for module 'libswscale'
[1.529s] --   Found libswscale, version 7.5.100
[1.582s] -- Found SWSCALE: TRUE  
[1.592s] -- Checking for module 'libavdevice >= 56.4.100'
[1.616s] --   Found libavdevice, version 60.3.100
[1.676s] -- Found AVDEVICE: TRUE (Required is at least version "56.4.100") 
[1.685s] -- Checking for module 'libavformat'
[1.707s] --   Found libavformat, version 60.16.100
[1.758s] -- Found AVFORMAT: TRUE  
[1.765s] -- Checking for module 'libavcodec'
[1.786s] --   Found libavcodec, version 60.31.102
[1.842s] -- Found AVCODEC: TRUE  
[1.851s] -- Checking for module 'libavutil'
[1.876s] --   Found libavutil, version 58.29.100
[1.925s] -- Found AVUTIL: TRUE  
[1.929s] -- Searching for <gz-common5> component [events]
[1.929s] -- Searching for <gz-common5> component [graphics]
[1.929s] -- Searching for <gz-common5> component [io]
[1.932s] -- Looking for gz-common5-io -- found version 5.8.0
[1.932s] -- Searching for dependencies of gz-common5-io
[1.935s] -- Searching for <gz-common5> component [profiler]
[1.937s] -- Looking for gz-common5-profiler -- found version 5.8.0
[1.937s] -- Searching for dependencies of gz-common5-profiler
[1.942s] -- Looking for gz-fuel_tools9 -- found version 9.1.1
[1.942s] -- Searching for dependencies of gz-fuel_tools9
[2.073s] -- Found CURL: /usr/lib/aarch64-linux-gnu/libcurl.so (found version "8.5.0")  
[2.089s] -- Checking for module 'jsoncpp'
[2.112s] --   Found jsoncpp, version 1.9.5
[2.164s] -- Found JSONCPP: TRUE  
[2.198s] -- Checking for module 'yaml-0.1'
[2.221s] --   Found yaml-0.1, version 0.2.5
[2.271s] -- Found YAML: TRUE  
[2.284s] -- Checking for module 'libzip'
[2.306s] --   Found libzip, version 1.7.3
[2.360s] -- Found ZIP: TRUE  
[2.361s] -- Looking for gz-utils2 -- found version 2.2.1
[2.361s] -- Looking for gz-common5 -- found version 5.8.0
[2.361s] -- Searching for dependencies of gz-common5
[2.361s] -- Looking for gz-utils2 -- found version 2.2.1
[2.361s] -- Looking for dlfcn.h - found
[2.361s] -- Looking for libdl - found
[2.377s] -- Searching for <gz-common5> component [testing]
[2.379s] -- Looking for gz-common5-testing -- found version 5.8.0
[2.380s] -- Searching for dependencies of gz-common5-testing
[2.382s] -- Looking for gz-math7 -- found version 7.5.2
[2.383s] -- Looking for gz-msgs10 -- found version 10.3.2
[2.386s] -- Looking for gz-gui8 -- found version 8.4.0
[2.387s] -- Searching for dependencies of gz-gui8
[2.432s] -- Looking for gz-utils2 -- found version 2.2.1
[2.432s] -- Looking for gz-math7 -- found version 7.5.2
[2.433s] -- Looking for gz-common5 -- found version 5.8.0
[2.434s] -- Looking for gz-plugin2 -- found version 2.0.4
[2.434s] -- Looking for gz-transport13 -- found version 13.5.0
[2.435s] -- Looking for gz-rendering8 -- found version 8.2.3
[2.435s] -- Looking for gz-msgs10 -- found version 10.3.2
[2.468s] -- Looking for gz-physics7 -- found version 7.6.0
[2.468s] -- Searching for dependencies of gz-physics7
[2.468s] -- Looking for gz-common5 -- found version 5.8.0
[2.469s] -- Looking for gz-math7 -- found version 7.5.2
[2.469s] -- Looking for gz-plugin2 -- found version 2.0.4
[2.469s] -- Looking for gz-utils2 -- found version 2.2.1
[2.471s] -- Searching for <gz-physics7> component [heightmap]
[2.472s] -- Looking for gz-physics7-heightmap -- found version 7.6.0
[2.472s] -- Searching for dependencies of gz-physics7-heightmap
[2.472s] -- Looking for gz-common5 -- found version 5.8.0
[2.473s] -- Searching for <gz-physics7> component [mesh]
[2.474s] -- Looking for gz-physics7-mesh -- found version 7.6.0
[2.474s] -- Searching for dependencies of gz-physics7-mesh
[2.475s] -- Looking for gz-common5 -- found version 5.8.0
[2.475s] -- Searching for <gz-physics7> component [sdf]
[2.476s] -- Looking for gz-physics7-sdf -- found version 7.6.0
[2.476s] -- Searching for dependencies of gz-physics7-sdf
[2.477s] -- Looking for sdformat14 -- found version 14.9.0
[2.479s] -- Looking for gz-sensors8 -- found version 8.2.2
[2.479s] -- Searching for dependencies of gz-sensors8
[2.504s] -- Looking for gz-math7 -- found version 7.5.2
[2.505s] -- Looking for gz-common5 -- found version 5.8.0
[2.505s] -- Looking for gz-transport13 -- found version 13.5.0
[2.506s] -- Looking for gz-rendering8 -- found version 8.2.3
[2.506s] -- Looking for gz-msgs10 -- found version 10.3.2
[2.506s] -- Looking for sdformat14 -- found version 14.9.0
[2.507s] -- Searching for <gz-sensors8> component [air_pressure]
[2.509s] -- Looking for gz-sensors8-air_pressure -- found version 8.2.2
[2.509s] -- Searching for dependencies of gz-sensors8-air_pressure
[2.510s] -- Searching for <gz-sensors8> component [air_speed]
[2.511s] -- Looking for gz-sensors8-air_speed -- found version 8.2.2
[2.511s] -- Searching for dependencies of gz-sensors8-air_speed
[2.512s] -- Searching for <gz-sensors8> component [altimeter]
[2.513s] -- Looking for gz-sensors8-altimeter -- found version 8.2.2
[2.513s] -- Searching for dependencies of gz-sensors8-altimeter
[2.514s] -- Searching for <gz-sensors8> component [imu]
[2.515s] -- Looking for gz-sensors8-imu -- found version 8.2.2
[2.515s] -- Searching for dependencies of gz-sensors8-imu
[2.516s] -- Searching for <gz-sensors8> component [force_torque]
[2.517s] -- Looking for gz-sensors8-force_torque -- found version 8.2.2
[2.517s] -- Searching for dependencies of gz-sensors8-force_torque
[2.518s] -- Searching for <gz-sensors8> component [logical_camera]
[2.519s] -- Looking for gz-sensors8-logical_camera -- found version 8.2.2
[2.519s] -- Searching for dependencies of gz-sensors8-logical_camera
[2.519s] -- Searching for <gz-sensors8> component [magnetometer]
[2.520s] -- Looking for gz-sensors8-magnetometer -- found version 8.2.2
[2.520s] -- Searching for dependencies of gz-sensors8-magnetometer
[2.521s] -- Searching for <gz-sensors8> component [navsat]
[2.522s] -- Looking for gz-sensors8-navsat -- found version 8.2.2
[2.522s] -- Searching for dependencies of gz-sensors8-navsat
[2.523s] -- Searching for <gz-sensors8> component [dvl]
[2.524s] -- Looking for gz-sensors8-dvl -- found version 8.2.2
[2.524s] -- Searching for dependencies of gz-sensors8-dvl
[2.524s] -- Looking for gz-sensors8 -- found version 8.2.2
[2.525s] -- Searching for dependencies of gz-sensors8
[2.548s] -- Looking for gz-math7 -- found version 7.5.2
[2.548s] -- Looking for gz-common5 -- found version 5.8.0
[2.548s] -- Looking for gz-transport13 -- found version 13.5.0
[2.549s] -- Looking for gz-rendering8 -- found version 8.2.3
[2.549s] -- Looking for gz-msgs10 -- found version 10.3.2
[2.550s] -- Looking for sdformat14 -- found version 14.9.0
[2.550s] -- Searching for <gz-sensors8> component [rendering]
[2.551s] -- Looking for gz-sensors8-rendering -- found version 8.2.2
[2.551s] -- Searching for dependencies of gz-sensors8-rendering
[2.553s] -- Searching for <gz-sensors8> component [rendering]
[2.553s] -- Searching for <gz-sensors8> component [lidar]
[2.554s] -- Looking for gz-sensors8-lidar -- found version 8.2.2
[2.554s] -- Searching for dependencies of gz-sensors8-lidar
[2.555s] -- Looking for gz-sensors8 -- found version 8.2.2
[2.555s] -- Searching for <gz-sensors8> component [gpu_lidar]
[2.557s] -- Looking for gz-sensors8-gpu_lidar -- found version 8.2.2
[2.557s] -- Searching for dependencies of gz-sensors8-gpu_lidar
[2.557s] -- Looking for gz-sensors8 -- found version 8.2.2
[2.558s] -- Searching for <gz-sensors8> component [camera]
[2.559s] -- Looking for gz-sensors8-camera -- found version 8.2.2
[2.559s] -- Searching for dependencies of gz-sensors8-camera
[2.559s] -- Looking for gz-sensors8 -- found version 8.2.2
[2.560s] -- Searching for <gz-sensors8> component [boundingbox_camera]
[2.561s] -- Looking for gz-sensors8-boundingbox_camera -- found version 8.2.2
[2.561s] -- Searching for dependencies of gz-sensors8-boundingbox_camera
[2.562s] -- Searching for <gz-sensors8> component [segmentation_camera]
[2.563s] -- Looking for gz-sensors8-segmentation_camera -- found version 8.2.2
[2.563s] -- Searching for dependencies of gz-sensors8-segmentation_camera
[2.564s] -- Searching for <gz-sensors8> component [depth_camera]
[2.565s] -- Looking for gz-sensors8-depth_camera -- found version 8.2.2
[2.565s] -- Searching for dependencies of gz-sensors8-depth_camera
[2.565s] -- Looking for gz-sensors8 -- found version 8.2.2
[2.566s] -- Searching for <gz-sensors8> component [rgbd_camera]
[2.567s] -- Looking for gz-sensors8-rgbd_camera -- found version 8.2.2
[2.567s] -- Searching for dependencies of gz-sensors8-rgbd_camera
[2.568s] -- Looking for gz-sensors8 -- found version 8.2.2
[2.568s] -- Searching for <gz-sensors8> component [thermal_camera]
[2.569s] -- Looking for gz-sensors8-thermal_camera -- found version 8.2.2
[2.569s] -- Searching for dependencies of gz-sensors8-thermal_camera
[2.570s] -- Looking for gz-sensors8 -- found version 8.2.2
[2.570s] -- Searching for <gz-sensors8> component [wide_angle_camera]
[2.572s] -- Looking for gz-sensors8-wide_angle_camera -- found version 8.2.2
[2.572s] -- Searching for dependencies of gz-sensors8-wide_angle_camera
[2.573s] -- Looking for gz-rendering8 -- found version 8.2.3
[2.573s] -- Looking for gz-math7 -- found version 7.5.2
[2.573s] -- Looking for gz-utils2 -- found version 2.2.1
[2.597s] -- Looking for gz-sim8 - found
[2.598s] 
[2.598s] -- Compiling against Gazebo Harmonic
[2.601s] -- RapidJSON found. Headers: /usr/include
[2.612s] -- Found OpenCV: /usr (found version "4.6.0") 
[2.612s] -- Checking for modules 'gstreamer-1.0;gstreamer-app-1.0'
[2.644s] --   Found gstreamer-1.0, version 1.24.2
[2.662s] --   Found gstreamer-app-1.0, version 1.24.2
[2.846s] -- Configuring done (2.8s)
[2.900s] -- Generating done (0.0s)
[2.909s] -- Build files have been written to: /home/rio/ardupilot/gz_ws/build/ardupilot_gazebo
[2.935s] Invoked command in '/home/rio/ardupilot/gz_ws/build/ardupilot_gazebo' returned '0': CMAKE_PREFIX_PATH=${CMAKE_PREFIX_PATH}:/opt/ros/jazzy PS1=\u@\h:\w\$ /usr/bin/cmake /home/rio/ardupilot/gz_ws/src/ardupilot_gazebo -DAMENT_CMAKE_SYMLINK_INSTALL=1 -DCMAKE_INSTALL_PREFIX=/home/rio/ardupilot/gz_ws/install/ardupilot_gazebo
[2.937s] Invoking command in '/home/rio/ardupilot/gz_ws/build/ardupilot_gazebo': CMAKE_PREFIX_PATH=${CMAKE_PREFIX_PATH}:/opt/ros/jazzy PS1=\u@\h:\w\$ /usr/bin/cmake --build /home/rio/ardupilot/gz_ws/build/ardupilot_gazebo -- -j14 -l14
[3.004s] [ 10%] [32mBuilding CXX object CMakeFiles/GstCameraPlugin.dir/src/GstCameraPlugin.cc.o[0m
[3.004s] [ 20%] [32mBuilding CXX object CMakeFiles/ParachutePlugin.dir/src/ParachutePlugin.cc.o[0m
[3.005s] [ 30%] [32mBuilding CXX object CMakeFiles/ArduPilotPlugin.dir/src/ArduPilotPlugin.cc.o[0m
[3.006s] [ 40%] [32mBuilding CXX object CMakeFiles/ArduPilotPlugin.dir/src/Util.cc.o[0m
[3.007s] [ 60%] [32mBuilding CXX object CMakeFiles/ArduPilotPlugin.dir/src/SocketUDP.cc.o[0m
[3.007s] [ 60%] [32mBuilding CXX object CMakeFiles/CameraZoomPlugin.dir/src/CameraZoomPlugin.cc.o[0m
[8.441s] [ 70%] [32m[1mLinking CXX shared library libCameraZoomPlugin.so[0m
[8.447s] [ 80%] [32m[1mLinking CXX shared library libParachutePlugin.so[0m
[8.731s] [ 80%] Built target CameraZoomPlugin
[8.754s] [ 80%] Built target ParachutePlugin
[8.913s] [ 90%] [32m[1mLinking CXX shared library libGstCameraPlugin.so[0m
[9.240s] [ 90%] Built target GstCameraPlugin
[9.441s] [100%] [32m[1mLinking CXX shared library libArduPilotPlugin.so[0m
[9.742s] [100%] Built target ArduPilotPlugin
[9.760s] Invoked command in '/home/rio/ardupilot/gz_ws/build/ardupilot_gazebo' returned '0': CMAKE_PREFIX_PATH=${CMAKE_PREFIX_PATH}:/opt/ros/jazzy PS1=\u@\h:\w\$ /usr/bin/cmake --build /home/rio/ardupilot/gz_ws/build/ardupilot_gazebo -- -j14 -l14
[9.774s] Invoking command in '/home/rio/ardupilot/gz_ws/build/ardupilot_gazebo': CMAKE_PREFIX_PATH=${CMAKE_PREFIX_PATH}:/opt/ros/jazzy PS1=\u@\h:\w\$ /usr/bin/cmake --install /home/rio/ardupilot/gz_ws/build/ardupilot_gazebo
[9.785s] -- Install configuration: ""
[9.785s] -- Execute custom install script
[9.785s] -- Symlinking: /home/rio/ardupilot/gz_ws/install/ardupilot_gazebo/lib/ardupilot_gazebo/libArduPilotPlugin.so
[9.796s] -- Symlinking: /home/rio/ardupilot/gz_ws/install/ardupilot_gazebo/lib/ardupilot_gazebo/libParachutePlugin.so
[9.808s] -- Symlinking: /home/rio/ardupilot/gz_ws/install/ardupilot_gazebo/lib/ardupilot_gazebo/libCameraZoomPlugin.so
[9.821s] -- Symlinking: /home/rio/ardupilot/gz_ws/install/ardupilot_gazebo/lib/ardupilot_gazebo/libGstCameraPlugin.so
[9.831s] -- Symlinking: /home/rio/ardupilot/gz_ws/install/ardupilot_gazebo/share/ardupilot_gazebo/config/gazebo-iris-gimbal.parm
[9.845s] -- Symlinking: /home/rio/ardupilot/gz_ws/install/ardupilot_gazebo/share/ardupilot_gazebo/models/gimbal_small_1d/meshes/base_arm.dae
[9.855s] -- Symlinking: /home/rio/ardupilot/gz_ws/install/ardupilot_gazebo/share/ardupilot_gazebo/models/gimbal_small_1d/meshes/base_main.dae
[9.867s] -- Symlinking: /home/rio/ardupilot/gz_ws/install/ardupilot_gazebo/share/ardupilot_gazebo/models/gimbal_small_1d/meshes/tilt.dae
[9.879s] -- Symlinking: /home/rio/ardupilot/gz_ws/install/ardupilot_gazebo/share/ardupilot_gazebo/models/gimbal_small_1d/model.config
[9.890s] -- Symlinking: /home/rio/ardupilot/gz_ws/install/ardupilot_gazebo/share/ardupilot_gazebo/models/gimbal_small_1d/model.sdf
[9.901s] -- Symlinking: /home/rio/ardupilot/gz_ws/install/ardupilot_gazebo/share/ardupilot_gazebo/models/gimbal_small_2d/meshes/base_arm.dae
[9.913s] -- Symlinking: /home/rio/ardupilot/gz_ws/install/ardupilot_gazebo/share/ardupilot_gazebo/models/gimbal_small_2d/meshes/base_main.dae
[9.925s] -- Symlinking: /home/rio/ardupilot/gz_ws/install/ardupilot_gazebo/share/ardupilot_gazebo/models/gimbal_small_2d/meshes/tilt.dae
[9.935s] -- Symlinking: /home/rio/ardupilot/gz_ws/install/ardupilot_gazebo/share/ardupilot_gazebo/models/gimbal_small_2d/model.config
[9.946s] -- Symlinking: /home/rio/ardupilot/gz_ws/install/ardupilot_gazebo/share/ardupilot_gazebo/models/gimbal_small_2d/model.sdf
[9.958s] -- Symlinking: /home/rio/ardupilot/gz_ws/install/ardupilot_gazebo/share/ardupilot_gazebo/models/gimbal_small_3d/meshes/base_plate.dae
[9.969s] -- Symlinking: /home/rio/ardupilot/gz_ws/install/ardupilot_gazebo/share/ardupilot_gazebo/models/gimbal_small_3d/meshes/camera_enclosure.dae
[9.978s] -- Symlinking: /home/rio/ardupilot/gz_ws/install/ardupilot_gazebo/share/ardupilot_gazebo/models/gimbal_small_3d/meshes/roll_arm.dae
[9.990s] -- Symlinking: /home/rio/ardupilot/gz_ws/install/ardupilot_gazebo/share/ardupilot_gazebo/models/gimbal_small_3d/meshes/yaw_arm.dae
[10.001s] -- Symlinking: /home/rio/ardupilot/gz_ws/install/ardupilot_gazebo/share/ardupilot_gazebo/models/gimbal_small_3d/model.config
[10.012s] -- Symlinking: /home/rio/ardupilot/gz_ws/install/ardupilot_gazebo/share/ardupilot_gazebo/models/gimbal_small_3d/model.sdf
[10.023s] -- Symlinking: /home/rio/ardupilot/gz_ws/install/ardupilot_gazebo/share/ardupilot_gazebo/models/iris_with_ardupilot/model.config
[10.034s] -- Symlinking: /home/rio/ardupilot/gz_ws/install/ardupilot_gazebo/share/ardupilot_gazebo/models/iris_with_ardupilot/model.sdf
[10.045s] -- Symlinking: /home/rio/ardupilot/gz_ws/install/ardupilot_gazebo/share/ardupilot_gazebo/models/iris_with_gimbal/model.config
[10.056s] -- Symlinking: /home/rio/ardupilot/gz_ws/install/ardupilot_gazebo/share/ardupilot_gazebo/models/iris_with_gimbal/model.sdf
[10.067s] -- Symlinking: /home/rio/ardupilot/gz_ws/install/ardupilot_gazebo/share/ardupilot_gazebo/models/iris_with_gimbal_2/model.config
[10.078s] -- Symlinking: /home/rio/ardupilot/gz_ws/install/ardupilot_gazebo/share/ardupilot_gazebo/models/iris_with_gimbal_2/model.sdf
[10.089s] -- Symlinking: /home/rio/ardupilot/gz_ws/install/ardupilot_gazebo/share/ardupilot_gazebo/models/iris_with_standoffs/meshes/iris.dae
[10.099s] -- Symlinking: /home/rio/ardupilot/gz_ws/install/ardupilot_gazebo/share/ardupilot_gazebo/models/iris_with_standoffs/meshes/iris_collision.stl
[10.110s] -- Symlinking: /home/rio/ardupilot/gz_ws/install/ardupilot_gazebo/share/ardupilot_gazebo/models/iris_with_standoffs/meshes/iris_prop_ccw.dae
[10.120s] -- Symlinking: /home/rio/ardupilot/gz_ws/install/ardupilot_gazebo/share/ardupilot_gazebo/models/iris_with_standoffs/meshes/iris_prop_cw.dae
[10.133s] -- Symlinking: /home/rio/ardupilot/gz_ws/install/ardupilot_gazebo/share/ardupilot_gazebo/models/iris_with_standoffs/model.config
[10.144s] -- Symlinking: /home/rio/ardupilot/gz_ws/install/ardupilot_gazebo/share/ardupilot_gazebo/models/iris_with_standoffs/model.sdf
[10.155s] -- Symlinking: /home/rio/ardupilot/gz_ws/install/ardupilot_gazebo/share/ardupilot_gazebo/models/parachute_small/meshes/parachute_small.dae
[10.166s] -- Symlinking: /home/rio/ardupilot/gz_ws/install/ardupilot_gazebo/share/ardupilot_gazebo/models/parachute_small/model.config
[10.177s] -- Symlinking: /home/rio/ardupilot/gz_ws/install/ardupilot_gazebo/share/ardupilot_gazebo/models/parachute_small/model.sdf
[10.188s] -- Symlinking: /home/rio/ardupilot/gz_ws/install/ardupilot_gazebo/share/ardupilot_gazebo/models/runway/materials/textures/Grass004_2K_AmbientOcclusion.jpg
[10.199s] -- Symlinking: /home/rio/ardupilot/gz_ws/install/ardupilot_gazebo/share/ardupilot_gazebo/models/runway/materials/textures/Grass004_2K_Color copy.jpg
[10.210s] -- Symlinking: /home/rio/ardupilot/gz_ws/install/ardupilot_gazebo/share/ardupilot_gazebo/models/runway/materials/textures/Grass004_2K_Color.jpg
[10.222s] -- Symlinking: /home/rio/ardupilot/gz_ws/install/ardupilot_gazebo/share/ardupilot_gazebo/models/runway/materials/textures/Grass004_2K_Displacement.jpg
[10.232s] -- Symlinking: /home/rio/ardupilot/gz_ws/install/ardupilot_gazebo/share/ardupilot_gazebo/models/runway/materials/textures/Grass004_2K_NormalGL.jpg
[10.244s] -- Symlinking: /home/rio/ardupilot/gz_ws/install/ardupilot_gazebo/share/ardupilot_gazebo/models/runway/materials/textures/Grass004_2K_Roughness.jpg
[10.255s] -- Symlinking: /home/rio/ardupilot/gz_ws/install/ardupilot_gazebo/share/ardupilot_gazebo/models/runway/materials/textures/runway.png
[10.267s] -- Symlinking: /home/rio/ardupilot/gz_ws/install/ardupilot_gazebo/share/ardupilot_gazebo/models/runway/meshes/airfield.dae
[10.280s] -- Symlinking: /home/rio/ardupilot/gz_ws/install/ardupilot_gazebo/share/ardupilot_gazebo/models/runway/model.config
[10.291s] -- Symlinking: /home/rio/ardupilot/gz_ws/install/ardupilot_gazebo/share/ardupilot_gazebo/models/runway/model.sdf
[10.303s] -- Symlinking: /home/rio/ardupilot/gz_ws/install/ardupilot_gazebo/share/ardupilot_gazebo/models/zephyr/materials/textures/wing.png
[10.315s] -- Symlinking: /home/rio/ardupilot/gz_ws/install/ardupilot_gazebo/share/ardupilot_gazebo/models/zephyr/meshes/parachute_small.dae
[10.325s] -- Symlinking: /home/rio/ardupilot/gz_ws/install/ardupilot_gazebo/share/ardupilot_gazebo/models/zephyr/meshes/wing.dae
[10.337s] -- Symlinking: /home/rio/ardupilot/gz_ws/install/ardupilot_gazebo/share/ardupilot_gazebo/models/zephyr/model.config
[10.348s] -- Symlinking: /home/rio/ardupilot/gz_ws/install/ardupilot_gazebo/share/ardupilot_gazebo/models/zephyr/model.sdf
[10.361s] -- Symlinking: /home/rio/ardupilot/gz_ws/install/ardupilot_gazebo/share/ardupilot_gazebo/models/zephyr/thumbnails/1.png
[10.373s] -- Symlinking: /home/rio/ardupilot/gz_ws/install/ardupilot_gazebo/share/ardupilot_gazebo/models/zephyr/thumbnails/2.png
[10.385s] -- Symlinking: /home/rio/ardupilot/gz_ws/install/ardupilot_gazebo/share/ardupilot_gazebo/models/zephyr/thumbnails/3.png
[10.396s] -- Symlinking: /home/rio/ardupilot/gz_ws/install/ardupilot_gazebo/share/ardupilot_gazebo/models/zephyr/thumbnails/4.png
[10.407s] -- Symlinking: /home/rio/ardupilot/gz_ws/install/ardupilot_gazebo/share/ardupilot_gazebo/models/zephyr/thumbnails/5.png
[10.419s] -- Symlinking: /home/rio/ardupilot/gz_ws/install/ardupilot_gazebo/share/ardupilot_gazebo/models/zephyr_with_ardupilot/model.config
[10.432s] -- Symlinking: /home/rio/ardupilot/gz_ws/install/ardupilot_gazebo/share/ardupilot_gazebo/models/zephyr_with_ardupilot/model.sdf
[10.443s] -- Symlinking: /home/rio/ardupilot/gz_ws/install/ardupilot_gazebo/share/ardupilot_gazebo/models/zephyr_with_parachute/model.config
[10.456s] -- Symlinking: /home/rio/ardupilot/gz_ws/install/ardupilot_gazebo/share/ardupilot_gazebo/models/zephyr_with_parachute/model.sdf
[10.468s] -- Symlinking: /home/rio/ardupilot/gz_ws/install/ardupilot_gazebo/share/ardupilot_gazebo/worlds/gimbal.sdf
[10.479s] -- Symlinking: /home/rio/ardupilot/gz_ws/install/ardupilot_gazebo/share/ardupilot_gazebo/worlds/iris_runway.sdf
[10.491s] -- Symlinking: /home/rio/ardupilot/gz_ws/install/ardupilot_gazebo/share/ardupilot_gazebo/worlds/iris_runway_2.sdf
[10.502s] -- Symlinking: /home/rio/ardupilot/gz_ws/install/ardupilot_gazebo/share/ardupilot_gazebo/worlds/iris_runway_2.sdf.bak
[10.513s] -- Symlinking: /home/rio/ardupilot/gz_ws/install/ardupilot_gazebo/share/ardupilot_gazebo/worlds/iris_warehouse.sdf
[10.524s] -- Symlinking: /home/rio/ardupilot/gz_ws/install/ardupilot_gazebo/share/ardupilot_gazebo/worlds/zephyr_parachute.sdf
[10.535s] -- Symlinking: /home/rio/ardupilot/gz_ws/install/ardupilot_gazebo/share/ardupilot_gazebo/worlds/zephyr_runway.sdf
[10.547s] -- Symlinking: /home/rio/ardupilot/gz_ws/install/ardupilot_gazebo/share/ardupilot_gazebo/environment/ardupilot_gazebo.dsv
[10.558s] -- Symlinking: /home/rio/ardupilot/gz_ws/install/ardupilot_gazebo/share/ardupilot_gazebo/environment/ardupilot_gazebo.sh
[10.571s] -- Symlinking: /home/rio/ardupilot/gz_ws/install/ardupilot_gazebo/share/ament_index/resource_index/package_run_dependencies/ardupilot_gazebo
[10.582s] -- Symlinking: /home/rio/ardupilot/gz_ws/install/ardupilot_gazebo/share/ament_index/resource_index/parent_prefix_path/ardupilot_gazebo
[10.594s] -- Symlinking: /home/rio/ardupilot/gz_ws/install/ardupilot_gazebo/share/ardupilot_gazebo/environment/ament_prefix_path.sh
[10.606s] -- Symlinking: /home/rio/ardupilot/gz_ws/install/ardupilot_gazebo/share/ardupilot_gazebo/environment/ament_prefix_path.dsv
[10.617s] -- Symlinking: /home/rio/ardupilot/gz_ws/install/ardupilot_gazebo/share/ardupilot_gazebo/environment/path.sh
[10.629s] -- Symlinking: /home/rio/ardupilot/gz_ws/install/ardupilot_gazebo/share/ardupilot_gazebo/environment/path.dsv
[10.640s] -- Symlinking: /home/rio/ardupilot/gz_ws/install/ardupilot_gazebo/share/ardupilot_gazebo/local_setup.bash
[10.650s] -- Symlinking: /home/rio/ardupilot/gz_ws/install/ardupilot_gazebo/share/ardupilot_gazebo/local_setup.sh
[10.662s] -- Symlinking: /home/rio/ardupilot/gz_ws/install/ardupilot_gazebo/share/ardupilot_gazebo/local_setup.zsh
[10.675s] -- Symlinking: /home/rio/ardupilot/gz_ws/install/ardupilot_gazebo/share/ardupilot_gazebo/local_setup.dsv
[10.684s] -- Symlinking: /home/rio/ardupilot/gz_ws/install/ardupilot_gazebo/share/ardupilot_gazebo/package.dsv
[10.695s] -- Symlinking: /home/rio/ardupilot/gz_ws/install/ardupilot_gazebo/share/ament_index/resource_index/packages/ardupilot_gazebo
[10.707s] -- Symlinking: /home/rio/ardupilot/gz_ws/install/ardupilot_gazebo/share/ardupilot_gazebo/cmake/ardupilot_gazeboConfig.cmake
[10.718s] -- Symlinking: /home/rio/ardupilot/gz_ws/install/ardupilot_gazebo/share/ardupilot_gazebo/cmake/ardupilot_gazeboConfig-version.cmake
[10.729s] -- Symlinking: /home/rio/ardupilot/gz_ws/install/ardupilot_gazebo/share/ardupilot_gazebo/package.xml
[10.743s] Invoked command in '/home/rio/ardupilot/gz_ws/build/ardupilot_gazebo' returned '0': CMAKE_PREFIX_PATH=${CMAKE_PREFIX_PATH}:/opt/ros/jazzy PS1=\u@\h:\w\$ /usr/bin/cmake --install /home/rio/ardupilot/gz_ws/build/ardupilot_gazebo
